#
# There is insufficient memory for the Java Runtime Environment to continue.
# Native memory allocation (mmap) failed to map 27262976 bytes for Failed to commit area from 0x000000008a000000 to 0x000000008ba00000 of length 27262976.
# Possible reasons:
#   The system is out of physical RAM or swap space
#   The process is running with CompressedOops enabled, and the Java Heap may be blocking the growth of the native heap
# Possible solutions:
#   Reduce memory load on the system
#   Increase physical memory or swap space
#   Check if swap backing store is full
#   Decrease Java heap size (-Xmx/-Xms)
#   Decrease number of Java threads
#   Decrease Java thread stack sizes (-Xss)
#   Set larger code cache with -XX:ReservedCodeCacheSize=
#   JVM is running with Unscaled Compressed Oops mode in which the Java heap is
#     placed in the first 4GB address space. The Java Heap base address is the
#     maximum limit for the native heap growth. Please use -XX:HeapBaseMinAddress
#     to set the Java Heap base and to place the Java Heap above 4GB virtual address.
# This output file may be truncated or incomplete.
#
#  Out of Memory Error (./open/src/hotspot/os/windows/os_windows.cpp:3273), pid=6508, tid=1460
#
# JRE version: Java(TM) SE Runtime Environment 18.9 (11.0.11+9) (build 11.0.11+9-LTS-194)
# Java VM: Java HotSpot(TM) 64-Bit Server VM 18.9 (11.0.11+9-LTS-194, mixed mode, tiered, compressed oops, g1 gc, windows-amd64)
# No core dump will be written. Minidumps are not enabled by default on client versions of Windows
#

---------------  S U M M A R Y ------------

Command Line: -Dfile.encoding=x-windows-949 -Duser.country=KR -Duser.language=ko -Duser.variant com.josomang.book.springboot.Application

Host: Intel(R) Core(TM) i5-8265U CPU @ 1.60GHz, 8 cores, 7G,  Windows 10 , 64 bit Build 19041 (10.0.19041.1151)
Time: Wed Aug 25 22:48:37 2021 대한민국 표준시 elapsed time: 4.202524 seconds (0d 0h 0m 4s)

---------------  T H R E A D  ---------------

Current thread (0x00000257f6bed000):  VMThread "VM Thread" [stack: 0x000000911fb00000,0x000000911fc00000] [id=1460]

Stack: [0x000000911fb00000,0x000000911fc00000]
[error occurred during error reporting (printing stack bounds), id 0xc0000005, EXCEPTION_ACCESS_VIOLATION (0xc0000005) at pc=0x00000257e03c0f2d]

Native frames: (J=compiled Java code, j=interpreted, Vv=VM code, C=native code)
V  [jvm.dll+0x616f2a]
V  [jvm.dll+0x74de7f]
V  [jvm.dll+0x74f505]
V  [jvm.dll+0x74fae5]
V  [jvm.dll+0x74fa9b]
V  [jvm.dll+0x616763]
V  [jvm.dll+0x616b28]
C  [ntdll.dll+0xa217f]
C  [ntdll.dll+0x51454]
C  [ntdll.dll+0xa0cae]
C  0x00000257e03c0f2d

VM_Operation (0x000000911f5fae40): G1CollectForAllocation, mode: safepoint, requested by thread 0x00000257d7f19000


---------------  P R O C E S S  ---------------

Threads class SMR info:
_java_thread_list=0x00000257f8498ca0, length=11, elements={
0x00000257d7f19000, 0x00000257f6c12000, 0x00000257f6c1a800, 0x00000257f751a000,
0x00000257f751b000, 0x00000257f751c000, 0x00000257f6c36000, 0x00000257f7538000,
0x00000257f76b2000, 0x00000257f76b7000, 0x00000257f7795000
}

Java Threads: ( => current thread )
  0x00000257d7f19000 JavaThread "main" [_thread_blocked, id=11708, stack(0x000000911f500000,0x000000911f600000)]
  0x00000257f6c12000 JavaThread "Reference Handler" daemon [_thread_blocked, id=12940, stack(0x000000911fc00000,0x000000911fd00000)]
  0x00000257f6c1a800 JavaThread "Finalizer" daemon [_thread_blocked, id=8100, stack(0x000000911fd00000,0x000000911fe00000)]
  0x00000257f751a000 JavaThread "Signal Dispatcher" daemon [_thread_blocked, id=15056, stack(0x000000911fe00000,0x000000911ff00000)]
  0x00000257f751b000 JavaThread "Attach Listener" daemon [_thread_blocked, id=11180, stack(0x000000911ff00000,0x0000009120000000)]
  0x00000257f751c000 JavaThread "C2 CompilerThread0" daemon [_thread_in_native, id=11596, stack(0x0000009120000000,0x0000009120100000)]
  0x00000257f6c36000 JavaThread "C1 CompilerThread0" daemon [_thread_blocked, id=304, stack(0x0000009120100000,0x0000009120200000)]
  0x00000257f7538000 JavaThread "Sweeper thread" daemon [_thread_blocked, id=11828, stack(0x0000009120200000,0x0000009120300000)]
  0x00000257f76b2000 JavaThread "Service Thread" daemon [_thread_blocked, id=9968, stack(0x0000009120300000,0x0000009120400000)]
  0x00000257f76b7000 JavaThread "Common-Cleaner" daemon [_thread_blocked, id=15640, stack(0x0000009120500000,0x0000009120600000)]
  0x00000257f7795000 JavaThread "C2 CompilerThread1" daemon [_thread_blocked, id=5844, stack(0x0000009120600000,0x0000009120700000)]

Other Threads:
=>0x00000257f6bed000 VMThread "VM Thread" [stack: 0x000000911fb00000,0x000000911fc00000] [id=1460]
  0x00000257f76b6800 WatcherThread [stack: 0x0000009120400000,0x0000009120500000] [id=1212]
  0x00000257d7f2d000 GCTaskThread "GC Thread#0" [stack: 0x000000911f600000,0x000000911f700000] [id=12024]
  0x00000257f7b30800 GCTaskThread "GC Thread#1" [stack: 0x0000009120900000,0x0000009120a00000] [id=10764]
  0x00000257f7d1c800 GCTaskThread "GC Thread#2" [stack: 0x0000009120a00000,0x0000009120b00000] [id=13888]
  0x00000257f8359000 GCTaskThread "GC Thread#3" [stack: 0x0000009120b00000,0x0000009120c00000] [id=3436]
  0x00000257f8fec800 GCTaskThread "GC Thread#4" [stack: 0x0000009120e00000,0x0000009120f00000] [id=5060]
  0x00000257f8968000 GCTaskThread "GC Thread#5" [stack: 0x0000009120f00000,0x0000009121000000] [id=3360]
  0x00000257d7f5f000 ConcurrentGCThread "G1 Main Marker" [stack: 0x000000911f700000,0x000000911f800000] [id=7076]
  0x00000257d7f61800 ConcurrentGCThread "G1 Conc#0" [stack: 0x000000911f800000,0x000000911f900000] [id=10256]
  0x00000257f8521800 ConcurrentGCThread "G1 Conc#1" [stack: 0x0000009120c00000,0x0000009120d00000] [id=7852]
  0x00000257d7fee000 ConcurrentGCThread "G1 Refine#0" [stack: 0x000000911f900000,0x000000911fa00000] [id=13356]
  0x00000257f6a55800 ConcurrentGCThread "G1 Young RemSet Sampling" [stack: 0x000000911fa00000,0x000000911fb00000] [id=5532]

Threads with active compile tasks:
C2 CompilerThread0   4212 3097       4       org.springframework.core.ResolvableType::forType (115 bytes)
C2 CompilerThread1   4212 3139       4       org.springframework.beans.factory.support.AbstractBeanFactory::isTypeMatch (607 bytes)

VM state:at safepoint (normal execution)

VM Mutex/Monitor currently owned by a thread:  ([mutex/lock_event])
[0x00000257d7f15d20] Threads_lock - owner thread: 0x00000257f6bed000
[0x00000257d7f163e0] Heap_lock - owner thread: 0x00000257d7f19000

Heap address: 0x0000000082200000, size: 2014 MB, Compressed Oops mode: 32-bit
Narrow klass base: 0x0000000000000000, Narrow klass shift: 3
Compressed class space size: 1073741824 Address: 0x0000000100000000

Heap:
 garbage-first heap   total 155648K, used 13017K [0x0000000082200000, 0x0000000100000000)
  region size 1024K, 7 young (7168K), 7 survivors (7168K)
 Metaspace       used 33528K, capacity 34439K, committed 34608K, reserved 1079296K
  class space    used 4026K, capacity 4407K, committed 4480K, reserved 1048576K
Heap Regions: E=young(eden), S=young(survivor), O=old, HS=humongous(starts), HC=humongous(continues), CS=collection set, F=free, A=archive, TAMS=top-at-mark-start (previous, next)
|   0|0x0000000082200000, 0x0000000082300000, 0x0000000082300000|100%|HS|  |TAMS 0x0000000082300000, 0x0000000082200000| Complete 
|   1|0x0000000082300000, 0x0000000082400000, 0x0000000082400000|100%| O|  |TAMS 0x0000000082400000, 0x0000000082300000| Untracked 
|   2|0x0000000082400000, 0x0000000082500000, 0x0000000082500000|100%| O|  |TAMS 0x0000000082500000, 0x0000000082400000| Untracked 
|   3|0x0000000082500000, 0x0000000082600000, 0x0000000082600000|100%| O|  |TAMS 0x0000000082600000, 0x0000000082500000| Untracked 
|   4|0x0000000082600000, 0x0000000082700000, 0x0000000082700000|100%| O|  |TAMS 0x0000000082700000, 0x0000000082600000| Untracked 
|   5|0x0000000082700000, 0x0000000082800000, 0x0000000082800000|100%| O|  |TAMS 0x0000000082800000, 0x0000000082700000| Untracked 
|   6|0x0000000082800000, 0x0000000082879200, 0x0000000082900000| 47%| O|  |TAMS 0x0000000082879200, 0x0000000082800000| Untracked 
|   7|0x0000000082900000, 0x0000000082900000, 0x0000000082a00000|  0%| F|  |TAMS 0x0000000082900000, 0x0000000082900000| Untracked 
|   8|0x0000000082a00000, 0x0000000082a00000, 0x0000000082b00000|  0%| F|  |TAMS 0x0000000082a00000, 0x0000000082a00000| Untracked 
|   9|0x0000000082b00000, 0x0000000082b00000, 0x0000000082c00000|  0%| F|  |TAMS 0x0000000082b00000, 0x0000000082b00000| Untracked 
|  10|0x0000000082c00000, 0x0000000082c00000, 0x0000000082d00000|  0%| F|  |TAMS 0x0000000082c00000, 0x0000000082c00000| Untracked 
|  11|0x0000000082d00000, 0x0000000082d00000, 0x0000000082e00000|  0%| F|  |TAMS 0x0000000082d00000, 0x0000000082d00000| Untracked 
|  12|0x0000000082e00000, 0x0000000082e00000, 0x0000000082f00000|  0%| F|  |TAMS 0x0000000082e00000, 0x0000000082e00000| Untracked 
|  13|0x0000000082f00000, 0x0000000082f00000, 0x0000000083000000|  0%| F|  |TAMS 0x0000000082f00000, 0x0000000082f00000| Untracked 
|  14|0x0000000083000000, 0x0000000083000000, 0x0000000083100000|  0%| F|  |TAMS 0x0000000083000000, 0x0000000083000000| Untracked 
|  15|0x0000000083100000, 0x0000000083100000, 0x0000000083200000|  0%| F|  |TAMS 0x0000000083100000, 0x0000000083100000| Untracked 
|  16|0x0000000083200000, 0x0000000083200000, 0x0000000083300000|  0%| F|  |TAMS 0x0000000083200000, 0x0000000083200000| Untracked 
|  17|0x0000000083300000, 0x0000000083300000, 0x0000000083400000|  0%| F|  |TAMS 0x0000000083300000, 0x0000000083300000| Untracked 
|  18|0x0000000083400000, 0x0000000083400000, 0x0000000083500000|  0%| F|  |TAMS 0x0000000083400000, 0x0000000083400000| Untracked 
|  19|0x0000000083500000, 0x0000000083500000, 0x0000000083600000|  0%| F|  |TAMS 0x0000000083500000, 0x0000000083500000| Untracked 
|  20|0x0000000083600000, 0x0000000083600000, 0x0000000083700000|  0%| F|  |TAMS 0x0000000083600000, 0x0000000083600000| Untracked 
|  21|0x0000000083700000, 0x0000000083700000, 0x0000000083800000|  0%| F|  |TAMS 0x0000000083700000, 0x0000000083700000| Untracked 
|  22|0x0000000083800000, 0x0000000083800000, 0x0000000083900000|  0%| F|  |TAMS 0x0000000083800000, 0x0000000083800000| Untracked 
|  23|0x0000000083900000, 0x0000000083900000, 0x0000000083a00000|  0%| F|  |TAMS 0x0000000083900000, 0x0000000083900000| Untracked 
|  24|0x0000000083a00000, 0x0000000083a00000, 0x0000000083b00000|  0%| F|  |TAMS 0x0000000083a00000, 0x0000000083a00000| Untracked 
|  25|0x0000000083b00000, 0x0000000083b00000, 0x0000000083c00000|  0%| F|  |TAMS 0x0000000083b00000, 0x0000000083b00000| Untracked 
|  26|0x0000000083c00000, 0x0000000083c00000, 0x0000000083d00000|  0%| F|  |TAMS 0x0000000083c00000, 0x0000000083c00000| Untracked 
|  27|0x0000000083d00000, 0x0000000083d00000, 0x0000000083e00000|  0%| F|  |TAMS 0x0000000083d00000, 0x0000000083d00000| Untracked 
|  28|0x0000000083e00000, 0x0000000083e00000, 0x0000000083f00000|  0%| F|  |TAMS 0x0000000083e00000, 0x0000000083e00000| Untracked 
|  29|0x0000000083f00000, 0x0000000083f00000, 0x0000000084000000|  0%| F|  |TAMS 0x0000000083f00000, 0x0000000083f00000| Untracked 
|  30|0x0000000084000000, 0x0000000084000000, 0x0000000084100000|  0%| F|  |TAMS 0x0000000084000000, 0x0000000084000000| Untracked 
|  31|0x0000000084100000, 0x0000000084100000, 0x0000000084200000|  0%| F|  |TAMS 0x0000000084100000, 0x0000000084100000| Untracked 
|  32|0x0000000084200000, 0x0000000084200000, 0x0000000084300000|  0%| F|  |TAMS 0x0000000084200000, 0x0000000084200000| Untracked 
|  33|0x0000000084300000, 0x0000000084300000, 0x0000000084400000|  0%| F|  |TAMS 0x0000000084300000, 0x0000000084300000| Untracked 
|  34|0x0000000084400000, 0x0000000084400000, 0x0000000084500000|  0%| F|  |TAMS 0x0000000084400000, 0x0000000084400000| Untracked 
|  35|0x0000000084500000, 0x0000000084500000, 0x0000000084600000|  0%| F|  |TAMS 0x0000000084500000, 0x0000000084500000| Untracked 
|  36|0x0000000084600000, 0x0000000084600000, 0x0000000084700000|  0%| F|  |TAMS 0x0000000084600000, 0x0000000084600000| Untracked 
|  37|0x0000000084700000, 0x0000000084700000, 0x0000000084800000|  0%| F|  |TAMS 0x0000000084700000, 0x0000000084700000| Untracked 
|  38|0x0000000084800000, 0x0000000084800000, 0x0000000084900000|  0%| F|  |TAMS 0x0000000084800000, 0x0000000084800000| Untracked 
|  39|0x0000000084900000, 0x0000000084900000, 0x0000000084a00000|  0%| F|  |TAMS 0x0000000084900000, 0x0000000084900000| Untracked 
|  40|0x0000000084a00000, 0x0000000084a00000, 0x0000000084b00000|  0%| F|  |TAMS 0x0000000084a00000, 0x0000000084a00000| Untracked 
|  41|0x0000000084b00000, 0x0000000084b00000, 0x0000000084c00000|  0%| F|  |TAMS 0x0000000084b00000, 0x0000000084b00000| Untracked 
|  42|0x0000000084c00000, 0x0000000084c00000, 0x0000000084d00000|  0%| F|  |TAMS 0x0000000084c00000, 0x0000000084c00000| Untracked 
|  43|0x0000000084d00000, 0x0000000084d00000, 0x0000000084e00000|  0%| F|  |TAMS 0x0000000084d00000, 0x0000000084d00000| Untracked 
|  44|0x0000000084e00000, 0x0000000084e00000, 0x0000000084f00000|  0%| F|  |TAMS 0x0000000084e00000, 0x0000000084e00000| Untracked 
|  45|0x0000000084f00000, 0x0000000084f00000, 0x0000000085000000|  0%| F|  |TAMS 0x0000000084f00000, 0x0000000084f00000| Untracked 
|  46|0x0000000085000000, 0x0000000085000000, 0x0000000085100000|  0%| F|  |TAMS 0x0000000085000000, 0x0000000085000000| Untracked 
|  47|0x0000000085100000, 0x0000000085100000, 0x0000000085200000|  0%| F|  |TAMS 0x0000000085100000, 0x0000000085100000| Untracked 
|  48|0x0000000085200000, 0x000000008523d570, 0x0000000085300000| 23%| S|CS|TAMS 0x0000000085200000, 0x0000000085200000| Complete 
|  49|0x0000000085300000, 0x0000000085400000, 0x0000000085400000|100%| S|CS|TAMS 0x0000000085300000, 0x0000000085300000| Complete 
|  50|0x0000000085400000, 0x0000000085500000, 0x0000000085500000|100%| S|CS|TAMS 0x0000000085400000, 0x0000000085400000| Complete 
|  51|0x0000000085500000, 0x0000000085600000, 0x0000000085600000|100%| S|CS|TAMS 0x0000000085500000, 0x0000000085500000| Complete 
|  52|0x0000000085600000, 0x0000000085700000, 0x0000000085700000|100%| S|CS|TAMS 0x0000000085600000, 0x0000000085600000| Complete 
|  53|0x0000000085700000, 0x0000000085800000, 0x0000000085800000|100%| S|CS|TAMS 0x0000000085700000, 0x0000000085700000| Complete 
|  54|0x0000000085800000, 0x0000000085900000, 0x0000000085900000|100%| S|CS|TAMS 0x0000000085800000, 0x0000000085800000| Complete 
|  55|0x0000000085900000, 0x0000000085900000, 0x0000000085a00000|  0%| F|  |TAMS 0x0000000085900000, 0x0000000085900000| Untracked 
|  56|0x0000000085a00000, 0x0000000085a00000, 0x0000000085b00000|  0%| F|  |TAMS 0x0000000085a00000, 0x0000000085a00000| Untracked 
|  57|0x0000000085b00000, 0x0000000085b00000, 0x0000000085c00000|  0%| F|  |TAMS 0x0000000085b00000, 0x0000000085b00000| Untracked 
|  58|0x0000000085c00000, 0x0000000085c00000, 0x0000000085d00000|  0%| F|  |TAMS 0x0000000085c00000, 0x0000000085c00000| Untracked 
|  59|0x0000000085d00000, 0x0000000085d00000, 0x0000000085e00000|  0%| F|  |TAMS 0x0000000085d00000, 0x0000000085d00000| Untracked 
|  60|0x0000000085e00000, 0x0000000085e00000, 0x0000000085f00000|  0%| F|  |TAMS 0x0000000085e00000, 0x0000000085e00000| Untracked 
|  61|0x0000000085f00000, 0x0000000085f00000, 0x0000000086000000|  0%| F|  |TAMS 0x0000000085f00000, 0x0000000085f00000| Untracked 
|  62|0x0000000086000000, 0x0000000086000000, 0x0000000086100000|  0%| F|  |TAMS 0x0000000086000000, 0x0000000086000000| Untracked 
|  63|0x0000000086100000, 0x0000000086100000, 0x0000000086200000|  0%| F|  |TAMS 0x0000000086100000, 0x0000000086100000| Untracked 
|  64|0x0000000086200000, 0x0000000086200000, 0x0000000086300000|  0%| F|  |TAMS 0x0000000086200000, 0x0000000086200000| Untracked 
|  65|0x0000000086300000, 0x0000000086300000, 0x0000000086400000|  0%| F|  |TAMS 0x0000000086300000, 0x0000000086300000| Untracked 
|  66|0x0000000086400000, 0x0000000086400000, 0x0000000086500000|  0%| F|  |TAMS 0x0000000086400000, 0x0000000086400000| Untracked 
|  67|0x0000000086500000, 0x0000000086500000, 0x0000000086600000|  0%| F|  |TAMS 0x0000000086500000, 0x0000000086500000| Untracked 
|  68|0x0000000086600000, 0x0000000086600000, 0x0000000086700000|  0%| F|  |TAMS 0x0000000086600000, 0x0000000086600000| Untracked 
|  69|0x0000000086700000, 0x0000000086700000, 0x0000000086800000|  0%| F|  |TAMS 0x0000000086700000, 0x0000000086700000| Untracked 
|  70|0x0000000086800000, 0x0000000086800000, 0x0000000086900000|  0%| F|  |TAMS 0x0000000086800000, 0x0000000086800000| Untracked 
|  71|0x0000000086900000, 0x0000000086900000, 0x0000000086a00000|  0%| F|  |TAMS 0x0000000086900000, 0x0000000086900000| Untracked 
|  72|0x0000000086a00000, 0x0000000086a00000, 0x0000000086b00000|  0%| F|  |TAMS 0x0000000086a00000, 0x0000000086a00000| Untracked 
|  73|0x0000000086b00000, 0x0000000086b00000, 0x0000000086c00000|  0%| F|  |TAMS 0x0000000086b00000, 0x0000000086b00000| Untracked 
|  74|0x0000000086c00000, 0x0000000086c00000, 0x0000000086d00000|  0%| F|  |TAMS 0x0000000086c00000, 0x0000000086c00000| Untracked 
|  75|0x0000000086d00000, 0x0000000086d00000, 0x0000000086e00000|  0%| F|  |TAMS 0x0000000086d00000, 0x0000000086d00000| Untracked 
|  76|0x0000000086e00000, 0x0000000086e00000, 0x0000000086f00000|  0%| F|  |TAMS 0x0000000086e00000, 0x0000000086e00000| Untracked 
|  77|0x0000000086f00000, 0x0000000086f00000, 0x0000000087000000|  0%| F|  |TAMS 0x0000000086f00000, 0x0000000086f00000| Untracked 
|  78|0x0000000087000000, 0x0000000087000000, 0x0000000087100000|  0%| F|  |TAMS 0x0000000087000000, 0x0000000087000000| Untracked 
|  79|0x0000000087100000, 0x0000000087100000, 0x0000000087200000|  0%| F|  |TAMS 0x0000000087100000, 0x0000000087100000| Untracked 
|  80|0x0000000087200000, 0x0000000087200000, 0x0000000087300000|  0%| F|  |TAMS 0x0000000087200000, 0x0000000087200000| Untracked 
|  81|0x0000000087300000, 0x0000000087300000, 0x0000000087400000|  0%| F|  |TAMS 0x0000000087300000, 0x0000000087300000| Untracked 
|  82|0x0000000087400000, 0x0000000087400000, 0x0000000087500000|  0%| F|  |TAMS 0x0000000087400000, 0x0000000087400000| Untracked 
|  83|0x0000000087500000, 0x0000000087500000, 0x0000000087600000|  0%| F|  |TAMS 0x0000000087500000, 0x0000000087500000| Untracked 
|  84|0x0000000087600000, 0x0000000087600000, 0x0000000087700000|  0%| F|  |TAMS 0x0000000087600000, 0x0000000087600000| Untracked 
|  85|0x0000000087700000, 0x0000000087700000, 0x0000000087800000|  0%| F|  |TAMS 0x0000000087700000, 0x0000000087700000| Untracked 
|  86|0x0000000087800000, 0x0000000087800000, 0x0000000087900000|  0%| F|  |TAMS 0x0000000087800000, 0x0000000087800000| Untracked 
|  87|0x0000000087900000, 0x0000000087900000, 0x0000000087a00000|  0%| F|  |TAMS 0x0000000087900000, 0x0000000087900000| Untracked 
|  88|0x0000000087a00000, 0x0000000087a00000, 0x0000000087b00000|  0%| F|  |TAMS 0x0000000087a00000, 0x0000000087a00000| Untracked 
|  89|0x0000000087b00000, 0x0000000087b00000, 0x0000000087c00000|  0%| F|  |TAMS 0x0000000087b00000, 0x0000000087b00000| Untracked 
|  90|0x0000000087c00000, 0x0000000087c00000, 0x0000000087d00000|  0%| F|  |TAMS 0x0000000087c00000, 0x0000000087c00000| Untracked 
|  91|0x0000000087d00000, 0x0000000087d00000, 0x0000000087e00000|  0%| F|  |TAMS 0x0000000087d00000, 0x0000000087d00000| Untracked 
|  92|0x0000000087e00000, 0x0000000087e00000, 0x0000000087f00000|  0%| F|  |TAMS 0x0000000087e00000, 0x0000000087e00000| Untracked 
|  93|0x0000000087f00000, 0x0000000087f00000, 0x0000000088000000|  0%| F|  |TAMS 0x0000000087f00000, 0x0000000087f00000| Untracked 
|  94|0x0000000088000000, 0x0000000088000000, 0x0000000088100000|  0%| F|  |TAMS 0x0000000088000000, 0x0000000088000000| Untracked 
|  95|0x0000000088100000, 0x0000000088100000, 0x0000000088200000|  0%| F|  |TAMS 0x0000000088100000, 0x0000000088100000| Untracked 
|  96|0x0000000088200000, 0x0000000088200000, 0x0000000088300000|  0%| F|  |TAMS 0x0000000088200000, 0x0000000088200000| Untracked 
|  97|0x0000000088300000, 0x0000000088300000, 0x0000000088400000|  0%| F|  |TAMS 0x0000000088300000, 0x0000000088300000| Untracked 
|  98|0x0000000088400000, 0x0000000088400000, 0x0000000088500000|  0%| F|  |TAMS 0x0000000088400000, 0x0000000088400000| Untracked 
|  99|0x0000000088500000, 0x0000000088500000, 0x0000000088600000|  0%| F|  |TAMS 0x0000000088500000, 0x0000000088500000| Untracked 
| 100|0x0000000088600000, 0x0000000088600000, 0x0000000088700000|  0%| F|  |TAMS 0x0000000088600000, 0x0000000088600000| Untracked 
| 101|0x0000000088700000, 0x0000000088700000, 0x0000000088800000|  0%| F|  |TAMS 0x0000000088700000, 0x0000000088700000| Untracked 
| 102|0x0000000088800000, 0x0000000088800000, 0x0000000088900000|  0%| F|  |TAMS 0x0000000088800000, 0x0000000088800000| Untracked 
| 103|0x0000000088900000, 0x0000000088900000, 0x0000000088a00000|  0%| F|  |TAMS 0x0000000088900000, 0x0000000088900000| Untracked 
| 104|0x0000000088a00000, 0x0000000088a00000, 0x0000000088b00000|  0%| F|  |TAMS 0x0000000088a00000, 0x0000000088a00000| Untracked 
| 105|0x0000000088b00000, 0x0000000088b00000, 0x0000000088c00000|  0%| F|  |TAMS 0x0000000088b00000, 0x0000000088b00000| Untracked 
| 106|0x0000000088c00000, 0x0000000088c00000, 0x0000000088d00000|  0%| F|  |TAMS 0x0000000088c00000, 0x0000000088c00000| Untracked 
| 107|0x0000000088d00000, 0x0000000088d00000, 0x0000000088e00000|  0%| F|  |TAMS 0x0000000088d00000, 0x0000000088d00000| Untracked 
| 108|0x0000000088e00000, 0x0000000088e00000, 0x0000000088f00000|  0%| F|  |TAMS 0x0000000088e00000, 0x0000000088e00000| Untracked 
| 109|0x0000000088f00000, 0x0000000088f00000, 0x0000000089000000|  0%| F|  |TAMS 0x0000000088f00000, 0x0000000088f00000| Untracked 
| 110|0x0000000089000000, 0x0000000089000000, 0x0000000089100000|  0%| F|  |TAMS 0x0000000089000000, 0x0000000089000000| Untracked 
| 111|0x0000000089100000, 0x0000000089100000, 0x0000000089200000|  0%| F|  |TAMS 0x0000000089100000, 0x0000000089100000| Untracked 
| 112|0x0000000089200000, 0x0000000089200000, 0x0000000089300000|  0%| F|  |TAMS 0x0000000089200000, 0x0000000089200000| Untracked 
| 113|0x0000000089300000, 0x0000000089300000, 0x0000000089400000|  0%| F|  |TAMS 0x0000000089300000, 0x0000000089300000| Untracked 
| 114|0x0000000089400000, 0x0000000089400000, 0x0000000089500000|  0%| F|  |TAMS 0x0000000089400000, 0x0000000089400000| Untracked 
| 115|0x0000000089500000, 0x0000000089500000, 0x0000000089600000|  0%| F|  |TAMS 0x0000000089500000, 0x0000000089500000| Untracked 
| 116|0x0000000089600000, 0x0000000089600000, 0x0000000089700000|  0%| F|  |TAMS 0x0000000089600000, 0x0000000089600000| Untracked 
| 117|0x0000000089700000, 0x0000000089700000, 0x0000000089800000|  0%| F|  |TAMS 0x0000000089700000, 0x0000000089700000| Untracked 
| 118|0x0000000089800000, 0x0000000089800000, 0x0000000089900000|  0%| F|  |TAMS 0x0000000089800000, 0x0000000089800000| Untracked 
| 119|0x0000000089900000, 0x0000000089900000, 0x0000000089a00000|  0%| F|  |TAMS 0x0000000089900000, 0x0000000089900000| Untracked 
| 120|0x0000000089a00000, 0x0000000089a00000, 0x0000000089b00000|  0%| F|  |TAMS 0x0000000089a00000, 0x0000000089a00000| Untracked 
| 121|0x0000000089b00000, 0x0000000089b00000, 0x0000000089c00000|  0%| F|  |TAMS 0x0000000089b00000, 0x0000000089b00000| Untracked 
| 122|0x0000000089c00000, 0x0000000089c00000, 0x0000000089d00000|  0%| F|  |TAMS 0x0000000089c00000, 0x0000000089c00000| Untracked 
| 123|0x0000000089d00000, 0x0000000089d00000, 0x0000000089e00000|  0%| F|  |TAMS 0x0000000089d00000, 0x0000000089d00000| Untracked 
| 124|0x0000000089e00000, 0x0000000089e00000, 0x0000000089f00000|  0%| F|  |TAMS 0x0000000089e00000, 0x0000000089e00000| Untracked 
| 125|0x0000000089f00000, 0x0000000089f00000, 0x000000008a000000|  0%| F|  |TAMS 0x0000000089f00000, 0x0000000089f00000| Untracked 

Card table byte_map: [0x00000257efae0000,0x00000257efed0000] _byte_map_base: 0x00000257ef6cf000

Marking Bits (Prev, Next): (CMBitMap*) 0x00000257d7f55830, (CMBitMap*) 0x00000257d7f557f8
 Prev Bits: [0x00000257f2240000, 0x00000257f41b8000)
 Next Bits: [0x00000257f02c0000, 0x00000257f2238000)

Polling page: 0x00000257d76f0000

Metaspace:

Usage:
  Non-class:     29.33 MB capacity,    28.81 MB ( 98%) used,   426.55 KB (  1%) free+waste,   103.06 KB ( <1%) overhead. 
      Class:      4.30 MB capacity,     3.93 MB ( 91%) used,   331.18 KB (  8%) free+waste,    49.25 KB (  1%) overhead. 
       Both:     33.63 MB capacity,    32.74 MB ( 97%) used,   757.73 KB (  2%) free+waste,   152.31 KB ( <1%) overhead. 

Virtual space:
  Non-class space:       30.00 MB reserved,      29.42 MB ( 98%) committed 
      Class space:        1.00 GB reserved,       4.38 MB ( <1%) committed 
             Both:        1.03 GB reserved,      33.80 MB (  3%) committed 

Chunk freelists:
   Non-Class:  4.00 KB
       Class:  1.13 KB
        Both:  5.13 KB

CodeHeap 'non-profiled nmethods': size=120000Kb used=1486Kb max_used=1486Kb free=118513Kb
 bounds [0x00000257e7e90000, 0x00000257e8100000, 0x00000257ef3c0000]
CodeHeap 'profiled nmethods': size=120000Kb used=6996Kb max_used=6996Kb free=113003Kb
 bounds [0x00000257e0960000, 0x00000257e1040000, 0x00000257e7e90000]
CodeHeap 'non-nmethods': size=5760Kb used=1131Kb max_used=1175Kb free=4628Kb
 bounds [0x00000257e03c0000, 0x00000257e0630000, 0x00000257e0960000]
 total_blobs=3651 nmethods=3194 adapters=368
 compilation: enabled
              stopped_count=0, restarted_count=0
 full_count=0

Compilation events (10 events):
Event: 4.176 Thread 0x00000257f6c36000 3197       3       java.util.Properties$LineReader::readLine (584 bytes)
Event: 4.180 Thread 0x00000257f6c36000 nmethod 3197 0x00000257e102ed90 code [0x00000257e102f160, 0x00000257e1031d58]
Event: 4.180 Thread 0x00000257f6c36000 3198       3       jdk.internal.reflect.ReflectionFactory::copyField (10 bytes)
Event: 4.181 Thread 0x00000257f6c36000 nmethod 3198 0x00000257e1032a90 code [0x00000257e1032c60, 0x00000257e1032f68]
Event: 4.181 Thread 0x00000257f6c36000 3199       3       java.lang.reflect.ReflectAccess::copyField (5 bytes)
Event: 4.181 Thread 0x00000257f6c36000 nmethod 3199 0x00000257e1033110 code [0x00000257e10332c0, 0x00000257e10333e8]
Event: 4.181 Thread 0x00000257f6c36000 3200       3       org.springframework.orm.jpa.support.PersistenceAnnotationBeanPostProcessor$$Lambda$358/0x00000001003dc040::doWith (13 bytes)
Event: 4.181 Thread 0x00000257f6c36000 nmethod 3200 0x00000257e1033490 code [0x00000257e1033640, 0x00000257e1033788]
Event: 4.181 Thread 0x00000257f6c36000 3201       3       org.springframework.orm.jpa.support.PersistenceAnnotationBeanPostProcessor::lambda$buildPersistenceMetadata$0 (55 bytes)
Event: 4.182 Thread 0x00000257f6c36000 nmethod 3201 0x00000257e1033890 code [0x00000257e1033ba0, 0x00000257e1034d58]

GC Heap History (9 events):
Event: 0.712 GC heap before
{Heap before GC invocations=0 (full 0):
 garbage-first heap   total 129024K, used 25600K [0x0000000082200000, 0x0000000100000000)
  region size 1024K, 24 young (24576K), 0 survivors (0K)
 Metaspace       used 12361K, capacity 12654K, committed 12928K, reserved 1060864K
  class space    used 1217K, capacity 1310K, committed 1408K, reserved 1048576K
}
Event: 0.717 GC heap after
{Heap after GC invocations=1 (full 0):
 garbage-first heap   total 129024K, used 6589K [0x0000000082200000, 0x0000000100000000)
  region size 1024K, 3 young (3072K), 3 survivors (3072K)
 Metaspace       used 12361K, capacity 12654K, committed 12928K, reserved 1060864K
  class space    used 1217K, capacity 1310K, committed 1408K, reserved 1048576K
}
Event: 1.038 GC heap before
{Heap before GC invocations=1 (full 0):
 garbage-first heap   total 129024K, used 28093K [0x0000000082200000, 0x0000000100000000)
  region size 1024K, 24 young (24576K), 3 survivors (3072K)
 Metaspace       used 16814K, capacity 17170K, committed 17408K, reserved 1064960K
  class space    used 1830K, capacity 1966K, committed 2048K, reserved 1048576K
}
Event: 1.044 GC heap after
{Heap after GC invocations=2 (full 0):
 garbage-first heap   total 129024K, used 7755K [0x0000000082200000, 0x0000000100000000)
  region size 1024K, 2 young (2048K), 2 survivors (2048K)
 Metaspace       used 16814K, capacity 17170K, committed 17408K, reserved 1064960K
  class space    used 1830K, capacity 1966K, committed 2048K, reserved 1048576K
}
Event: 1.399 GC heap before
{Heap before GC invocations=2 (full 0):
 garbage-first heap   total 129024K, used 31307K [0x0000000082200000, 0x0000000100000000)
  region size 1024K, 26 young (26624K), 2 survivors (2048K)
 Metaspace       used 20654K, capacity 21114K, committed 21296K, reserved 1069056K
  class space    used 2386K, capacity 2583K, committed 2688K, reserved 1048576K
}
Event: 1.405 GC heap after
{Heap after GC invocations=3 (full 0):
 garbage-first heap   total 129024K, used 8628K [0x0000000082200000, 0x0000000100000000)
  region size 1024K, 2 young (2048K), 2 survivors (2048K)
 Metaspace       used 20654K, capacity 21114K, committed 21296K, reserved 1069056K
  class space    used 2386K, capacity 2583K, committed 2688K, reserved 1048576K
}
Event: 1.781 GC heap before
{Heap before GC invocations=4 (full 0):
 garbage-first heap   total 129024K, used 69044K [0x0000000082200000, 0x0000000100000000)
  region size 1024K, 62 young (63488K), 2 survivors (2048K)
 Metaspace       used 25469K, capacity 26002K, committed 26160K, reserved 1073152K
  class space    used 2961K, capacity 3147K, committed 3200K, reserved 1048576K
}
Event: 1.786 GC heap after
{Heap after GC invocations=5 (full 0):
 garbage-first heap   total 129024K, used 9567K [0x0000000082200000, 0x0000000100000000)
  region size 1024K, 3 young (3072K), 3 survivors (3072K)
 Metaspace       used 25469K, capacity 26002K, committed 26160K, reserved 1073152K
  class space    used 2961K, capacity 3147K, committed 3200K, reserved 1048576K
}
Event: 4.183 GC heap before
{Heap before GC invocations=5 (full 0):
 garbage-first heap   total 129024K, used 79199K [0x0000000082200000, 0x0000000100000000)
  region size 1024K, 71 young (72704K), 3 survivors (3072K)
 Metaspace       used 33528K, capacity 34439K, committed 34608K, reserved 1079296K
  class space    used 4026K, capacity 4407K, committed 4480K, reserved 1048576K
}

Deoptimization events (10 events):
Event: 3.963 Thread 0x00000257d7f19000 Uncommon trap: reason=unstable_if action=reinterpret pc=0x00000257e7f9b6f8 method=org.springframework.util.ConcurrentReferenceHashMap$Segment.findInChain(Lorg/springframework/util/ConcurrentReferenceHashMap$Reference;Ljava/lang/Object;I)Lorg/springframewo
Event: 3.963 Thread 0x00000257d7f19000 Uncommon trap: reason=unstable_if action=reinterpret pc=0x00000257e7f93d5c method=org.springframework.util.ConcurrentReferenceHashMap$Segment.findInChain(Lorg/springframework/util/ConcurrentReferenceHashMap$Reference;Ljava/lang/Object;I)Lorg/springframewo
Event: 4.013 Thread 0x00000257d7f19000 Uncommon trap: reason=unstable_if action=reinterpret pc=0x00000257e7f74e3c method=java.nio.Buffer.position(I)Ljava/nio/Buffer; @ 37 c2
Event: 4.014 Thread 0x00000257d7f19000 Uncommon trap: reason=unstable_if action=reinterpret pc=0x00000257e7eff13c method=java.nio.Buffer.position(I)Ljava/nio/Buffer; @ 37 c2
Event: 4.061 Thread 0x00000257d7f19000 Uncommon trap: reason=class_check action=maybe_recompile pc=0x00000257e7f5fa3c method=java.util.concurrent.ConcurrentHashMap.putVal(Ljava/lang/Object;Ljava/lang/Object;Z)Ljava/lang/Object; @ 242 c2
Event: 4.076 Thread 0x00000257d7f19000 Uncommon trap: reason=null_check action=make_not_entrant pc=0x00000257e7fda094 method=org.springframework.beans.factory.support.DefaultListableBeanFactory.getBeanDefinition(Ljava/lang/String;)Lorg/springframework/beans/factory/config/BeanDefinition; @ 10 
Event: 4.091 Thread 0x00000257d7f19000 Uncommon trap: reason=class_check action=maybe_recompile pc=0x00000257e7f5fa3c method=java.util.concurrent.ConcurrentHashMap.putVal(Ljava/lang/Object;Ljava/lang/Object;Z)Ljava/lang/Object; @ 242 c2
Event: 4.093 Thread 0x00000257d7f19000 Uncommon trap: reason=class_check action=maybe_recompile pc=0x00000257e7f5fa3c method=java.util.concurrent.ConcurrentHashMap.putVal(Ljava/lang/Object;Ljava/lang/Object;Z)Ljava/lang/Object; @ 242 c2
Event: 4.100 Thread 0x00000257d7f19000 Uncommon trap: reason=class_check action=maybe_recompile pc=0x00000257e7f5fa3c method=java.util.concurrent.ConcurrentHashMap.putVal(Ljava/lang/Object;Ljava/lang/Object;Z)Ljava/lang/Object; @ 242 c2
Event: 4.176 Thread 0x00000257d7f19000 Uncommon trap: reason=unstable_if action=reinterpret pc=0x00000257e7ffbb80 method=java.util.Properties$LineReader.readLine()I @ 160 c2

Classes redefined (0 events):
No events

Internal exceptions (10 events):
Event: 3.945 Thread 0x00000257d7f19000 Exception <a 'java/lang/ClassNotFoundException'{0x00000000863ad140}: org/springframework/transaction/annotation/AbstractTransactionManagementConfigurationCustomizer> (0x00000000863ad140) thrown at [./open/src/hotspot/share/classfile/systemDictionary.cpp, 
Event: 3.946 Thread 0x00000257d7f19000 Exception <a 'java/lang/ClassNotFoundException'{0x00000000863be208}: org/springframework/transaction/annotation/ProxyTransactionManagementConfigurationCustomizer> (0x00000000863be208) thrown at [./open/src/hotspot/share/classfile/systemDictionary.cpp, lin
Event: 3.947 Thread 0x00000257d7f19000 Exception <a 'java/lang/ClassNotFoundException'{0x00000000863cdc10}: org/springframework/context/annotation/ImportAwareCustomizer> (0x00000000863cdc10) thrown at [./open/src/hotspot/share/classfile/systemDictionary.cpp, line 228]
Event: 3.948 Thread 0x00000257d7f19000 Exception <a 'java/lang/ClassNotFoundException'{0x00000000863d96e8}: org/springframework/beans/factory/AwareCustomizer> (0x00000000863d96e8) thrown at [./open/src/hotspot/share/classfile/systemDictionary.cpp, line 228]
Event: 4.034 Thread 0x00000257d7f19000 Exception <a 'java/lang/NoSuchMethodError'{0x0000000085daf058}: java.lang.invoke.DirectMethodHandle$Holder.invokeSpecial(Ljava/lang/Object;Ljava/lang/Object;Ljava/lang/Object;Ljava/lang/Object;Ljava/lang/Object;)I> (0x0000000085daf058) thrown at [./open/s
Event: 4.076 Thread 0x00000257d7f19000 Implicit null exception at 0x00000257e7fd9dbb to 0x00000257e7fda084
Event: 4.119 Thread 0x00000257d7f19000 Exception <a 'java/lang/NoSuchMethodError'{0x0000000085a1fee0}: java.lang.invoke.DirectMethodHandle$Holder.invokeInterface(Ljava/lang/Object;Ljava/lang/Object;I)V> (0x0000000085a1fee0) thrown at [./open/src/hotspot/share/interpreter/linkResolver.cpp, line
Event: 4.128 Thread 0x00000257d7f19000 Exception <a 'java/lang/NoSuchMethodError'{0x0000000085a63d18}: java.lang.invoke.DirectMethodHandle$Holder.invokeStatic(Ljava/lang/Object;ILjava/lang/Object;)V> (0x0000000085a63d18) thrown at [./open/src/hotspot/share/interpreter/linkResolver.cpp, line 77
Event: 4.132 Thread 0x00000257d7f19000 Exception <a 'java/lang/NoSuchMethodError'{0x0000000085a86ef8}: java.lang.invoke.DirectMethodHandle$Holder.invokeVirtual(Ljava/lang/Object;Ljava/lang/Object;)I> (0x0000000085a86ef8) thrown at [./open/src/hotspot/share/interpreter/linkResolver.cpp, line 77
Event: 4.133 Thread 0x00000257d7f19000 Exception <a 'java/lang/NoSuchMethodError'{0x0000000085a90c00}: java.lang.invoke.DirectMethodHandle$Holder.invokeSpecialIFC(Ljava/lang/Object;Ljava/lang/Object;Ljava/lang/Object;Ljava/lang/Object;)I> (0x0000000085a90c00) thrown at [./open/src/hotspot/shar

Events (10 events):
Event: 4.179 loading class org/springframework/web/servlet/HandlerExecutionChain done
Event: 4.180 loading class org/springframework/web/servlet/ModelAndView
Event: 4.180 loading class org/springframework/web/servlet/ModelAndView done
Event: 4.181 loading class org/springframework/web/context/request/ServletRequestAttributes
Event: 4.181 loading class org/springframework/web/context/request/ServletRequestAttributes done
Event: 4.182 loading class org/springframework/web/context/request/AbstractRequestAttributes
Event: 4.182 loading class org/springframework/web/context/request/AbstractRequestAttributes done
Event: 4.183 loading class org/springframework/web/context/request/async/WebAsyncManager
Event: 4.183 loading class org/springframework/web/context/request/async/WebAsyncManager done
Event: 4.183 Executing VM operation: G1CollectForAllocation


Dynamic libraries:
0x00007ff647580000 - 0x00007ff64758f000 	C:\Program Files\Java\jdk-11.0.11\bin\java.exe
0x00007fff928f0000 - 0x00007fff92ae5000 	C:\WINDOWS\SYSTEM32\ntdll.dll
0x00007fff92460000 - 0x00007fff9251d000 	C:\WINDOWS\System32\KERNEL32.DLL
0x00007fff902c0000 - 0x00007fff90589000 	C:\WINDOWS\System32\KERNELBASE.dll
0x00007fff907a0000 - 0x00007fff908a0000 	C:\WINDOWS\System32\ucrtbase.dll
0x00007fff84630000 - 0x00007fff84648000 	C:\Program Files\Java\jdk-11.0.11\bin\jli.dll
0x00007fff842e0000 - 0x00007fff842f5000 	C:\Program Files\Java\jdk-11.0.11\bin\VCRUNTIME140.dll
0x00007fff90a70000 - 0x00007fff90b1c000 	C:\WINDOWS\System32\ADVAPI32.dll
0x00007fff91fe0000 - 0x00007fff9207e000 	C:\WINDOWS\System32\msvcrt.dll
0x00007fff917b0000 - 0x00007fff9184b000 	C:\WINDOWS\System32\sechost.dll
0x00007fff91850000 - 0x00007fff9197a000 	C:\WINDOWS\System32\RPCRT4.dll
0x00007fff92290000 - 0x00007fff92430000 	C:\WINDOWS\System32\USER32.dll
0x00007fff90920000 - 0x00007fff90942000 	C:\WINDOWS\System32\win32u.dll
0x00007fff7cb70000 - 0x00007fff7ce0a000 	C:\WINDOWS\WinSxS\amd64_microsoft.windows.common-controls_6595b64144ccf1df_6.0.19041.1110_none_60b5254171f9507e\COMCTL32.dll
0x00007fff92430000 - 0x00007fff9245a000 	C:\WINDOWS\System32\GDI32.dll
0x00007fff90020000 - 0x00007fff9012b000 	C:\WINDOWS\System32\gdi32full.dll
0x00007fff901c0000 - 0x00007fff9025d000 	C:\WINDOWS\System32\msvcp_win.dll
0x00007fff82250000 - 0x00007fff8225a000 	C:\WINDOWS\SYSTEM32\VERSION.dll
0x00007fff91980000 - 0x00007fff919b0000 	C:\WINDOWS\System32\IMM32.DLL
0x00007fff70dc0000 - 0x00007fff70e5b000 	C:\Program Files\Java\jdk-11.0.11\bin\msvcp140.dll
0x00007fff42f40000 - 0x00007fff43a3e000 	C:\Program Files\Java\jdk-11.0.11\bin\server\jvm.dll
0x00007fff917a0000 - 0x00007fff917a8000 	C:\WINDOWS\System32\PSAPI.DLL
0x00007fff812d0000 - 0x00007fff812d9000 	C:\WINDOWS\SYSTEM32\WSOCK32.dll
0x00007fff92220000 - 0x00007fff9228b000 	C:\WINDOWS\System32\WS2_32.dll
0x00007fff78e40000 - 0x00007fff78e67000 	C:\WINDOWS\SYSTEM32\WINMM.dll
0x00007fff8e8b0000 - 0x00007fff8e8c2000 	C:\WINDOWS\SYSTEM32\kernel.appcore.dll
0x00007fff84660000 - 0x00007fff84670000 	C:\Program Files\Java\jdk-11.0.11\bin\verify.dll
0x00007fff8e5d0000 - 0x00007fff8e7b4000 	C:\WINDOWS\SYSTEM32\DBGHELP.DLL
0x00007fff7aa10000 - 0x00007fff7aa3c000 	C:\WINDOWS\SYSTEM32\dbgcore.DLL
0x00007fff90130000 - 0x00007fff901b3000 	C:\WINDOWS\System32\bcryptPrimitives.dll
0x00007fff81e50000 - 0x00007fff81e78000 	C:\Program Files\Java\jdk-11.0.11\bin\java.dll
0x00007fff84580000 - 0x00007fff8458a000 	C:\Program Files\Java\jdk-11.0.11\bin\jimage.dll
0x00007fff81e30000 - 0x00007fff81e46000 	C:\Program Files\Java\jdk-11.0.11\bin\zip.dll
0x00007fff91000000 - 0x00007fff9173f000 	C:\WINDOWS\System32\SHELL32.dll
0x00007fff8dd70000 - 0x00007fff8e500000 	C:\WINDOWS\SYSTEM32\windows.storage.dll
0x00007fff91bf0000 - 0x00007fff91f45000 	C:\WINDOWS\System32\combase.dll
0x00007fff8fa80000 - 0x00007fff8faac000 	C:\WINDOWS\SYSTEM32\Wldp.dll
0x00007fff92800000 - 0x00007fff928ae000 	C:\WINDOWS\System32\SHCORE.dll
0x00007fff90fa0000 - 0x00007fff90ff5000 	C:\WINDOWS\System32\shlwapi.dll
0x00007fff8ff60000 - 0x00007fff8ff7f000 	C:\WINDOWS\SYSTEM32\profapi.dll
0x00007fff874e0000 - 0x00007fff874f9000 	C:\Program Files\Java\jdk-11.0.11\bin\net.dll
0x00007fff869a0000 - 0x00007fff86aa8000 	C:\WINDOWS\SYSTEM32\WINHTTP.dll
0x00007fff8f7e0000 - 0x00007fff8f84a000 	C:\WINDOWS\system32\mswsock.dll
0x00007fff842c0000 - 0x00007fff842d2000 	C:\Program Files\Java\jdk-11.0.11\bin\nio.dll
0x00007fff87600000 - 0x00007fff87609000 	C:\Program Files\Java\jdk-11.0.11\bin\management.dll
0x00007fff84570000 - 0x00007fff8457b000 	C:\Program Files\Java\jdk-11.0.11\bin\management_ext.dll
0x00007fff6eb10000 - 0x00007fff6eb27000 	C:\WINDOWS\system32\napinsp.dll
0x00007fff6e8b0000 - 0x00007fff6e8cb000 	C:\WINDOWS\system32\pnrpnsp.dll
0x00007fff86d00000 - 0x00007fff86d15000 	C:\WINDOWS\system32\wshbth.dll
0x00007fff86dc0000 - 0x00007fff86ddd000 	C:\WINDOWS\system32\NLAapi.dll
0x00007fff8f480000 - 0x00007fff8f4bb000 	C:\WINDOWS\SYSTEM32\IPHLPAPI.DLL
0x00007fff8f4d0000 - 0x00007fff8f59c000 	C:\WINDOWS\SYSTEM32\DNSAPI.dll
0x00007fff92190000 - 0x00007fff92198000 	C:\WINDOWS\System32\NSI.dll
0x00007fff6e890000 - 0x00007fff6e8a2000 	C:\WINDOWS\System32\winrnr.dll
0x00007fff83c20000 - 0x00007fff83c2a000 	C:\Windows\System32\rasadhlp.dll
0x00007fff81970000 - 0x00007fff819ef000 	C:\WINDOWS\System32\fwpuclnt.dll
0x00007fff908a0000 - 0x00007fff908c7000 	C:\WINDOWS\System32\bcrypt.dll

dbghelp: loaded successfully - version: 4.0.5 - missing functions: none
symbol engine: initialized successfully - sym options: 0x614 - pdb path: .;C:\Program Files\Java\jdk-11.0.11\bin;C:\WINDOWS\SYSTEM32;C:\WINDOWS\WinSxS\amd64_microsoft.windows.common-controls_6595b64144ccf1df_6.0.19041.1110_none_60b5254171f9507e;C:\Program Files\Java\jdk-11.0.11\bin\server

VM Arguments:
jvm_args: -Dfile.encoding=x-windows-949 -Duser.country=KR -Duser.language=ko -Duser.variant 
java_command: com.josomang.book.springboot.Application
java_class_path (initial): C:\Users\c\IdeaProjects\com.josomang.book\build\classes\java\main;C:\Users\c\IdeaProjects\com.josomang.book\build\resources\main;C:\Users\c\.gradle\caches\modules-2\files-2.1\org.springframework.boot\spring-boot-starter-web\2.2.1.RELEASE\689213aca6e25e2aa9b377e61273aa3d31f30f60\spring-boot-starter-web-2.2.1.RELEASE.jar;C:\Users\c\.gradle\caches\modules-2\files-2.1\org.projectlombok\lombok\1.18.10\625fc0055674dff70dbc76efa36d0f2c89b04a24\lombok-1.18.10.jar;C:\Users\c\.gradle\caches\modules-2\files-2.1\org.springframework.boot\spring-boot-starter-data-jpa\2.2.1.RELEASE\dace86df26aaec8a948ffacd7d46d11c366af527\spring-boot-starter-data-jpa-2.2.1.RELEASE.jar;C:\Users\c\.gradle\caches\modules-2\files-2.1\com.h2database\h2\1.4.200\f7533fe7cb8e99c87a43d325a77b4b678ad9031a\h2-1.4.200.jar;C:\Users\c\.gradle\caches\modules-2\files-2.1\org.springframework.boot\spring-boot-starter-json\2.2.1.RELEASE\2d9f5ad8a76edcf3c610e0f825d9c01563a6900a\spring-boot-starter-json-2.2.1.RELEASE.jar;C:\Users\c\.gradle\caches\modules-2\files-2.1\org.springframework.boot\spring-boot-starter-validation\2.2.1.RELEASE\ea5bd9055951afe28f64a96524bfd0bf0d362313\spring-boot-starter-validation-2.2.1.RELEASE.jar;C:\Users\c\.gradle\caches\modules-2\files-2.1\org.springframework.boot\spring-boot-starter-aop\2.2.1.RELEASE\f5f9988e816634100840c7f570763ea7e5e907d9\spring-boot-starter-aop-2.2.1.RELEASE.jar;C:\Users\c\.gradle\caches\modules-2\files-2.1\org.springframework.boot\spring-boot-starter-jdbc\2.2.1.RELEASE\699ae6a7fcb65688f474763ea8233d6cdfa60959\spring-boot-starter-jdbc-2.2.1.RELEASE.jar;C:\Users\c\.gradle\caches\modules-2\files-2.1\org.springframework.boot\spring-boot-starter\2.2.1.RELEASE\5a4d687e6ffec805ce6320af7ca0b18798638200\spring-boot-starter-2.2.1.RELEASE.jar;C:\Users\c\.gradle\caches\modules-2\files-2.1\org.springframework.boot\spring-boot-starter-tomcat\2.2.1.RELEASE\da314ec9026c230906ea9d1a1330f99bbe2d0fa8\spring-boot-starter-tomcat-2.2.1.RELEASE.jar;C:\Users\c\.g
Launcher Type: SUN_STANDARD

[Global flags]
     intx CICompilerCount                          = 4                                         {product} {ergonomic}
     uint ConcGCThreads                            = 2                                         {product} {ergonomic}
     uint G1ConcRefinementThreads                  = 8                                         {product} {ergonomic}
   size_t G1HeapRegionSize                         = 1048576                                   {product} {ergonomic}
    uintx GCDrainStackTargetSize                   = 64                                        {product} {ergonomic}
   size_t InitialHeapSize                          = 132120576                                 {product} {ergonomic}
   size_t MarkStackSize                            = 4194304                                   {product} {ergonomic}
   size_t MaxHeapSize                              = 2111832064                                {product} {ergonomic}
   size_t MaxNewSize                               = 1266679808                                {product} {ergonomic}
   size_t MinHeapDeltaBytes                        = 1048576                                   {product} {ergonomic}
    uintx NonNMethodCodeHeapSize                   = 5836300                                {pd product} {ergonomic}
    uintx NonProfiledCodeHeapSize                  = 122910970                              {pd product} {ergonomic}
    uintx ProfiledCodeHeapSize                     = 122910970                              {pd product} {ergonomic}
    uintx ReservedCodeCacheSize                    = 251658240                              {pd product} {ergonomic}
     bool SegmentedCodeCache                       = true                                      {product} {ergonomic}
     bool UseCompressedClassPointers               = true                                 {lp64_product} {ergonomic}
     bool UseCompressedOops                        = true                                 {lp64_product} {ergonomic}
     bool UseG1GC                                  = true                                      {product} {ergonomic}
     bool UseLargePagesIndividualAllocation        = false                                  {pd product} {ergonomic}

Logging:
Log output configuration:
 #0: stdout all=warning uptime,level,tags
 #1: stderr all=off uptime,level,tags

Environment Variables:
JAVA_HOME=C:\Program Files\Java\jdk-11.0.11
CLASSPATH=C:\Program Files\Java\jdk-11.0.11\lib;.
PATH=C:\Program Files\Common Files\Oracle\Java\javapath;C:\Program Files (x86)\Intel\Intel(R) Management Engine Components\iCLS\;C:\Program Files\Intel\Intel(R) Management Engine Components\iCLS\;C:\windows\system32;C:\windows;C:\windows\System32\Wbem;C:\windows\System32\WindowsPowerShell\v1.0\;C:\windows\System32\OpenSSH\;C:\Program Files (x86)\NVIDIA Corporation\PhysX\Common;C:\WINDOWS\system32;C:\WINDOWS;C:\WINDOWS\System32\Wbem;C:\WINDOWS\System32\WindowsPowerShell\v1.0\;C:\WINDOWS\System32\OpenSSH\;C:\Program Files\PuTTY\;C:\Program Files\Amazon\AWSCLIV2\;C:\Program Files\MySQL\MySQL Server 8.0\bin;C:\Program Files\Git\cmd;C:\Program Files\nodejs\;C:\Program Files\Java\jdk-11.0.11\bin\;C:\Users\c\AppData\Local\Microsoft\WindowsApps;C:\Users\c\AppData\Local\Programs\Microsoft VS Code\bin;C:\Users\c\AppData\Roaming\npm;C:\Users\c\AppData\Local\afreeca
USERNAME=c
OS=Windows_NT
PROCESSOR_IDENTIFIER=Intel64 Family 6 Model 142 Stepping 12, GenuineIntel



---------------  S Y S T E M  ---------------

OS: Windows 10 , 64 bit Build 19041 (10.0.19041.1151)

CPU:total 8 (initial active 8) (4 cores per cpu, 2 threads per core) family 6 model 142 stepping 12 microcode 0xc0, cmov, cx8, fxsr, mmx, sse, sse2, sse3, ssse3, sse4.1, sse4.2, popcnt, avx, avx2, aes, clmul, erms, 3dnowpref, lzcnt, ht, tsc, tscinvbit, bmi1, bmi2, adx, fma

Memory: 4k page, system-wide physical 8049M (749M free)
TotalPageFile size 9964M (AvailPageFile size 25M)
current process WorkingSet (physical memory assigned to process): 208M, peak: 208M
current process commit charge ("private bytes"): 292M, peak: 316M

vm_info: Java HotSpot(TM) 64-Bit Server VM (11.0.11+9-LTS-194) for windows-amd64 JRE (11.0.11+9-LTS-194), built on Mar 18 2021 18:46:53 by "mach5one" with MS VC++ 15.9 (VS2017)

END.
