#
# There is insufficient memory for the Java Runtime Environment to continue.
# Native memory allocation (mmap) failed to map 132120576 bytes for Failed to commit area from 0x0000000082200000 to 0x000000008a000000 of length 132120576.
# Possible reasons:
#   The system is out of physical RAM or swap space
#   The process is running with CompressedOops enabled, and the Java Heap may be blocking the growth of the native heap
# Possible solutions:
#   Reduce memory load on the system
#   Increase physical memory or swap space
#   Check if swap backing store is full
#   Decrease Java heap size (-Xmx/-Xms)
#   Decrease number of Java threads
#   Decrease Java thread stack sizes (-Xss)
#   Set larger code cache with -XX:ReservedCodeCacheSize=
# This output file may be truncated or incomplete.
#
#  Out of Memory Error (./src/hotspot/os/windows/os_windows.cpp:3511), pid=1244, tid=13880
#
# JRE version:  (11.0.11+9) (build )
# Java VM: OpenJDK 64-Bit Server VM (11.0.11+9-b1504.13, mixed mode, sharing, tiered, compressed oops, g1 gc, windows-amd64)
# No core dump will be written. Minidumps are not enabled by default on client versions of Windows
#

---------------  S U M M A R Y ------------

Command Line: git4idea.http.GitAskPassApp Username for 'https://github.com': 

Host: Intel(R) Core(TM) i5-8265U CPU @ 1.60GHz, 8 cores, 7G,  Windows 10 , 64 bit Build 19041 (10.0.19041.1151)
Time: Sat Sep 18 23:04:42 2021 대한민국 표준시 elapsed time: 0.017085 seconds (0d 0h 0m 0s)

---------------  T H R E A D  ---------------

Current thread (0x0000024d72f7c000):  JavaThread "Unknown thread" [_thread_in_vm, id=13880, stack(0x00000053dd400000,0x00000053dd500000)]

Stack: [0x00000053dd400000,0x00000053dd500000]
Native frames: (J=compiled Java code, j=interpreted, Vv=VM code, C=native code)
V  [jvm.dll+0x5f5d5a]
V  [jvm.dll+0x7798b5]
V  [jvm.dll+0x77aecd]
V  [jvm.dll+0x77b583]
V  [jvm.dll+0x244978]
V  [jvm.dll+0x5f3174]
V  [jvm.dll+0x5e7d55]
V  [jvm.dll+0x30068b]
V  [jvm.dll+0x3005fa]
V  [jvm.dll+0x3004d2]
V  [jvm.dll+0x3053c6]
V  [jvm.dll+0x34e0a3]
V  [jvm.dll+0x34e7a6]
V  [jvm.dll+0x34e1a3]
V  [jvm.dll+0x2db0c8]
V  [jvm.dll+0x2dc267]
V  [jvm.dll+0x758057]
V  [jvm.dll+0x75984c]
V  [jvm.dll+0x35b659]
V  [jvm.dll+0x73b67e]
V  [jvm.dll+0x3c39f3]
V  [jvm.dll+0x3c5dd1]
C  [jli.dll+0x5373]
C  [ucrtbase.dll+0x21bb2]
C  [KERNEL32.DLL+0x17034]
C  [ntdll.dll+0x52651]


---------------  P R O C E S S  ---------------

Threads class SMR info:
_java_thread_list=0x0000024d72d110d0, length=0, elements={
}

Java Threads: ( => current thread )

Other Threads:
  0x0000024d72f95800 GCTaskThread "GC Thread#0" [stack: 0x00000053dd500000,0x00000053dd600000] [id=7180]
  0x0000024d72fc6800 ConcurrentGCThread "G1 Main Marker" [stack: 0x00000053dd600000,0x00000053dd700000] [id=10228]
  0x0000024d72fc9800 ConcurrentGCThread "G1 Conc#0" [stack: 0x00000053dd700000,0x00000053dd800000] [id=10332]

[error occurred during error reporting (printing all threads), id 0xc0000005, EXCEPTION_ACCESS_VIOLATION (0xc0000005) at pc=0x00007ffa7e2eb8f7]

VM state:not at safepoint (not fully initialized)

VM Mutex/Monitor currently owned by a thread:  ([mutex/lock_event])
[0x0000024d72f7a270] Heap_lock - owner thread: 0x0000024d72f7c000

Heap address: 0x0000000082200000, size: 2014 MB, Compressed Oops mode: Non-zero based: 0x0000000082200000
Narrow klass base: 0x0000000000000000, Narrow klass shift: 0

GC Heap History (0 events):
No events

Deoptimization events (0 events):
No events

Classes redefined (0 events):
No events

Internal exceptions (0 events):
No events

Events (1 events):
Event: 0.011 Loaded shared library C:\Users\c\AppData\Local\JetBrains\Toolbox\apps\IDEA-U\ch-0\212.4746.92\jbr\bin\zip.dll


Dynamic libraries:
0x00007ff7a1b10000 - 0x00007ff7a1b1a000 	C:\Users\c\AppData\Local\JetBrains\Toolbox\apps\IDEA-U\ch-0\212.4746.92\jbr\bin\java.exe
0x00007ffadffb0000 - 0x00007ffae01a5000 	C:\WINDOWS\SYSTEM32\ntdll.dll
0x00007ffadfe50000 - 0x00007ffadff0d000 	C:\WINDOWS\System32\KERNEL32.DLL
0x00007ffaddd40000 - 0x00007ffade009000 	C:\WINDOWS\System32\KERNELBASE.dll
0x00007ffadd900000 - 0x00007ffadda00000 	C:\WINDOWS\System32\ucrtbase.dll
0x00007ffacdf90000 - 0x00007ffacdfa7000 	C:\Users\c\AppData\Local\JetBrains\Toolbox\apps\IDEA-U\ch-0\212.4746.92\jbr\bin\VCRUNTIME140.dll
0x00007ffad3ba0000 - 0x00007ffad3bb9000 	C:\Users\c\AppData\Local\JetBrains\Toolbox\apps\IDEA-U\ch-0\212.4746.92\jbr\bin\jli.dll
0x00007ffaca900000 - 0x00007ffacab9a000 	C:\WINDOWS\WinSxS\amd64_microsoft.windows.common-controls_6595b64144ccf1df_6.0.19041.1110_none_60b5254171f9507e\COMCTL32.dll
0x00007ffadf410000 - 0x00007ffadf5b0000 	C:\WINDOWS\System32\USER32.dll
0x00007ffadea20000 - 0x00007ffadeabe000 	C:\WINDOWS\System32\msvcrt.dll
0x00007ffaddbb0000 - 0x00007ffaddbd2000 	C:\WINDOWS\System32\win32u.dll
0x00007ffadebd0000 - 0x00007ffadebfa000 	C:\WINDOWS\System32\GDI32.dll
0x00007ffadd790000 - 0x00007ffadd89b000 	C:\WINDOWS\System32\gdi32full.dll
0x00007ffaddb10000 - 0x00007ffaddbad000 	C:\WINDOWS\System32\msvcp_win.dll
0x00007ffade210000 - 0x00007ffade240000 	C:\WINDOWS\System32\IMM32.DLL
0x00007ffacdbe0000 - 0x00007ffacdc7d000 	C:\Users\c\AppData\Local\JetBrains\Toolbox\apps\IDEA-U\ch-0\212.4746.92\jbr\bin\msvcp140.dll
0x00007ffa7e000000 - 0x00007ffa7eb4a000 	C:\Users\c\AppData\Local\JetBrains\Toolbox\apps\IDEA-U\ch-0\212.4746.92\jbr\bin\server\jvm.dll
0x00007ffadeac0000 - 0x00007ffadeb6c000 	C:\WINDOWS\System32\ADVAPI32.dll
0x00007ffadf670000 - 0x00007ffadf70b000 	C:\WINDOWS\System32\sechost.dll
0x00007ffadec00000 - 0x00007ffaded2a000 	C:\WINDOWS\System32\RPCRT4.dll
0x00007ffadf5b0000 - 0x00007ffadf5b8000 	C:\WINDOWS\System32\PSAPI.DLL
0x00007ffacbc90000 - 0x00007ffacbc9a000 	C:\WINDOWS\SYSTEM32\VERSION.dll
0x00007ffabf260000 - 0x00007ffabf269000 	C:\WINDOWS\SYSTEM32\WSOCK32.dll
0x00007ffac9200000 - 0x00007ffac9227000 	C:\WINDOWS\SYSTEM32\WINMM.dll
0x00007ffadf0e0000 - 0x00007ffadf14b000 	C:\WINDOWS\System32\WS2_32.dll
0x00007ffadbf70000 - 0x00007ffadbf82000 	C:\WINDOWS\SYSTEM32\kernel.appcore.dll
0x00007ffac98f0000 - 0x00007ffac9901000 	C:\Users\c\AppData\Local\JetBrains\Toolbox\apps\IDEA-U\ch-0\212.4746.92\jbr\bin\verify.dll
0x00007ffadbc90000 - 0x00007ffadbe74000 	C:\WINDOWS\SYSTEM32\DBGHELP.DLL
0x00007ffad56b0000 - 0x00007ffad56dc000 	C:\WINDOWS\SYSTEM32\dbgcore.DLL
0x00007ffadda00000 - 0x00007ffadda83000 	C:\WINDOWS\System32\bcryptPrimitives.dll
0x00007ffac9660000 - 0x00007ffac9689000 	C:\Users\c\AppData\Local\JetBrains\Toolbox\apps\IDEA-U\ch-0\212.4746.92\jbr\bin\java.dll
0x00007ffac5440000 - 0x00007ffac544b000 	C:\Users\c\AppData\Local\JetBrains\Toolbox\apps\IDEA-U\ch-0\212.4746.92\jbr\bin\jimage.dll
0x00007ffac5420000 - 0x00007ffac5438000 	C:\Users\c\AppData\Local\JetBrains\Toolbox\apps\IDEA-U\ch-0\212.4746.92\jbr\bin\zip.dll

dbghelp: loaded successfully - version: 4.0.5 - missing functions: none
symbol engine: initialized successfully - sym options: 0x614 - pdb path: .;C:\Users\c\AppData\Local\JetBrains\Toolbox\apps\IDEA-U\ch-0\212.4746.92\jbr\bin;C:\WINDOWS\SYSTEM32;C:\WINDOWS\WinSxS\amd64_microsoft.windows.common-controls_6595b64144ccf1df_6.0.19041.1110_none_60b5254171f9507e;C:\Users\c\AppData\Local\JetBrains\Toolbox\apps\IDEA-U\ch-0\212.4746.92\jbr\bin\server

VM Arguments:
java_command: git4idea.http.GitAskPassApp Username for 'https://github.com': 
java_class_path (initial): C:/Users/c/AppData/Local/JetBrains/Toolbox/apps/IDEA-U/ch-0/212.4746.92/plugins/git4idea/lib/git4idea-rt.jar;C:/Users/c/AppData/Local/JetBrains/Toolbox/apps/IDEA-U/ch-0/212.4746.92/lib/3rd-party.jar
Launcher Type: SUN_STANDARD

[Global flags]
     intx CICompilerCount                          = 4                                         {product} {ergonomic}
     uint ConcGCThreads                            = 2                                         {product} {ergonomic}
     uint G1ConcRefinementThreads                  = 8                                         {product} {ergonomic}
   size_t G1HeapRegionSize                         = 1048576                                   {product} {ergonomic}
    uintx GCDrainStackTargetSize                   = 64                                        {product} {ergonomic}
   size_t InitialHeapSize                          = 132120576                                 {product} {ergonomic}
   size_t MarkStackSize                            = 4194304                                   {product} {ergonomic}
   size_t MaxHeapSize                              = 2111832064                                {product} {ergonomic}
   size_t MinHeapDeltaBytes                        = 1048576                                   {product} {ergonomic}
    uintx NonNMethodCodeHeapSize                   = 5836300                                {pd product} {ergonomic}
    uintx NonProfiledCodeHeapSize                  = 122910970                              {pd product} {ergonomic}
    uintx ProfiledCodeHeapSize                     = 122910970                              {pd product} {ergonomic}
    uintx ReservedCodeCacheSize                    = 251658240                              {pd product} {ergonomic}
     bool SegmentedCodeCache                       = true                                      {product} {ergonomic}
     bool UseCompressedClassPointers               = true                                 {lp64_product} {ergonomic}
     bool UseCompressedOops                        = true                                 {lp64_product} {ergonomic}
     bool UseG1GC                                  = true                                      {product} {ergonomic}
     bool UseLargePagesIndividualAllocation        = false                                  {pd product} {ergonomic}

Logging:
Log output configuration:
 #0: stdout all=warning uptime,level,tags
 #1: stderr all=off uptime,level,tags

Environment Variables:
JAVA_HOME=C:\Program Files\Java\jdk-11.0.11
CLASSPATH=C:\Program Files\Java\jdk-11.0.11\lib;.
PATH=C:/Program Files/Git/mingw64/libexec/git-core;C:/Program Files/Git/mingw64/libexec/git-core;C:\Program Files\Git\mingw64\bin;C:\Program Files\Git\usr\bin;C:\Users\c\bin;C:\Program Files\Common Files\Oracle\Java\javapath;C:\Program Files (x86)\Intel\Intel(R) Management Engine Components\iCLS\;C:\Program Files\Intel\Intel(R) Management Engine Components\iCLS\;C:\windows\system32;C:\windows;C:\windows\System32\Wbem;C:\windows\System32\WindowsPowerShell\v1.0\;C:\windows\System32\OpenSSH\;C:\Program Files (x86)\NVIDIA Corporation\PhysX\Common;C:\WINDOWS\system32;C:\WINDOWS;C:\WINDOWS\System32\Wbem;C:\WINDOWS\System32\WindowsPowerShell\v1.0\;C:\WINDOWS\System32\OpenSSH\;C:\Program Files\PuTTY\;C:\Program Files\Amazon\AWSCLIV2\;C:\Program Files\MySQL\MySQL Server 8.0\bin;C:\Program Files\Git\cmd;C:\Program Files\nodejs\;C:\Program Files\Java\jdk-11.0.11\bin\;C:\Users\c\AppData\Local\Microsoft\WindowsApps;C:\Users\c\AppData\Local\Programs\Microsoft VS Code\bin;C:\Users\c\AppData\Roaming\npm;C:\Users\c\AppData\Local\afreeca
USERNAME=c
DISPLAY=:0.0
LC_ALL=en_US.UTF-8
OS=Windows_NT
PROCESSOR_IDENTIFIER=Intel64 Family 6 Model 142 Stepping 12, GenuineIntel



---------------  S Y S T E M  ---------------

OS: Windows 10 , 64 bit Build 19041 (10.0.19041.1151)
OS uptime: 0 days 1:11 hours

CPU:total 8 (initial active 8) (4 cores per cpu, 2 threads per core) family 6 model 142 stepping 12 microcode 0xc0, cmov, cx8, fxsr, mmx, sse, sse2, sse3, ssse3, sse4.1, sse4.2, popcnt, avx, avx2, aes, clmul, erms, 3dnowpref, lzcnt, ht, tsc, tscinvbit, bmi1, bmi2, adx, fma

Memory: 4k page, system-wide physical 8049M (420M free)
TotalPageFile size 9964M (AvailPageFile size 74M)
current process WorkingSet (physical memory assigned to process): 10M, peak: 10M
current process commit charge ("private bytes"): 60M, peak: 186M

vm_info: OpenJDK 64-Bit Server VM (11.0.11+9-b1504.13) for windows-amd64 JRE (11.0.11+9-b1504.13), built on Jul 18 2021 03:17:44 by "" with MS VC++ 14.0 (VS2015)

END.
