#
# There is insufficient memory for the Java Runtime Environment to continue.
# Native memory allocation (malloc) failed to allocate 1381536 bytes for Chunk::new
# Possible reasons:
#   The system is out of physical RAM or swap space
#   The process is running with CompressedOops enabled, and the Java Heap may be blocking the growth of the native heap
# Possible solutions:
#   Reduce memory load on the system
#   Increase physical memory or swap space
#   Check if swap backing store is full
#   Decrease Java heap size (-Xmx/-Xms)
#   Decrease number of Java threads
#   Decrease Java thread stack sizes (-Xss)
#   Set larger code cache with -XX:ReservedCodeCacheSize=
#   JVM is running with Unscaled Compressed Oops mode in which the Java heap is
#     placed in the first 4GB address space. The Java Heap base address is the
#     maximum limit for the native heap growth. Please use -XX:HeapBaseMinAddress
#     to set the Java Heap base and to place the Java Heap above 4GB virtual address.
# This output file may be truncated or incomplete.
#
#  Out of Memory Error (./open/src/hotspot/share/memory/arena.cpp:197), pid=13144, tid=16204
#
# JRE version: Java(TM) SE Runtime Environment 18.9 (11.0.11+9) (build 11.0.11+9-LTS-194)
# Java VM: Java HotSpot(TM) 64-Bit Server VM 18.9 (11.0.11+9-LTS-194, mixed mode, tiered, compressed oops, g1 gc, windows-amd64)
# No core dump will be written. Minidumps are not enabled by default on client versions of Windows
#

---------------  S U M M A R Y ------------

Command Line: -Dorg.gradle.internal.worker.tmpdir=C:\Users\c\IdeaProjects\com.josomang.book\build\tmp\test\work -Dorg.gradle.native=false --add-opens=java.base/java.util=ALL-UNNAMED --add-opens=java.base/java.lang=ALL-UNNAMED -Xmx512m -Dfile.encoding=x-windows-949 -Duser.country=KR -Duser.language=ko -Duser.variant -ea worker.org.gradle.process.internal.worker.GradleWorkerMain 'Gradle Test Executor 8'

Host: Intel(R) Core(TM) i5-8265U CPU @ 1.60GHz, 8 cores, 7G,  Windows 10 , 64 bit Build 19041 (10.0.19041.1151)
Time: Wed Aug 25 22:47:05 2021 대한민국 표준시 elapsed time: 7.776099 seconds (0d 0h 0m 7s)

---------------  T H R E A D  ---------------

Current thread (0x000002ca6e81f800):  JavaThread "C2 CompilerThread0" daemon [_thread_in_native, id=16204, stack(0x000000d86ef00000,0x000000d86f000000)]


Current CompileTask:
C2:   7776 4508       4       org.springframework.core.annotation.AnnotationsScanner::getBaseTypeMethods (157 bytes)

Stack: [0x000000d86ef00000,0x000000d86f000000]
Native frames: (J=compiled Java code, j=interpreted, Vv=VM code, C=native code)
V  [jvm.dll+0x616f2a]
V  [jvm.dll+0x74de7f]
V  [jvm.dll+0x74f505]
V  [jvm.dll+0x74fb83]
V  [jvm.dll+0x2436d8]
V  [jvm.dll+0xba68c]
V  [jvm.dll+0xbad8c]
V  [jvm.dll+0x2b3ee4]
V  [jvm.dll+0x52c0f6]
V  [jvm.dll+0x20506d]
V  [jvm.dll+0x1ff0aa]
V  [jvm.dll+0x1fc10f]
V  [jvm.dll+0x17f0bc]
V  [jvm.dll+0x20b68c]
V  [jvm.dll+0x20978b]
V  [jvm.dll+0x7152c9]
V  [jvm.dll+0x70dfc4]
V  [jvm.dll+0x6160f6]
C  [ucrtbase.dll+0x21bb2]
C  [KERNEL32.DLL+0x17034]
C  [ntdll.dll+0x52651]


---------------  P R O C E S S  ---------------

Threads class SMR info:
_java_thread_list=0x000002ca72eb29c0, length=20, elements={
0x000002ca532f3000, 0x000002ca6e7f0800, 0x000002ca6e7fa800, 0x000002ca6e81e000,
0x000002ca6e81e800, 0x000002ca6e81f800, 0x000002ca6e824800, 0x000002ca6e82f000,
0x000002ca6f1aa000, 0x000002ca6f24f800, 0x000002ca6fa4d000, 0x000002ca6f9ce800,
0x000002ca6fbf0000, 0x000002ca74f5a800, 0x000002ca735c4000, 0x000002ca7352c000,
0x000002ca6f215000, 0x000002ca7269f800, 0x000002ca6f4f5800, 0x000002ca7044b800
}

Java Threads: ( => current thread )
  0x000002ca532f3000 JavaThread "main" [_thread_blocked, id=14104, stack(0x000000d86e400000,0x000000d86e500000)]
  0x000002ca6e7f0800 JavaThread "Reference Handler" daemon [_thread_blocked, id=7220, stack(0x000000d86eb00000,0x000000d86ec00000)]
  0x000002ca6e7fa800 JavaThread "Finalizer" daemon [_thread_blocked, id=6160, stack(0x000000d86ec00000,0x000000d86ed00000)]
  0x000002ca6e81e000 JavaThread "Signal Dispatcher" daemon [_thread_blocked, id=5652, stack(0x000000d86ed00000,0x000000d86ee00000)]
  0x000002ca6e81e800 JavaThread "Attach Listener" daemon [_thread_blocked, id=5504, stack(0x000000d86ee00000,0x000000d86ef00000)]
=>0x000002ca6e81f800 JavaThread "C2 CompilerThread0" daemon [_thread_in_native, id=16204, stack(0x000000d86ef00000,0x000000d86f000000)]
  0x000002ca6e824800 JavaThread "C1 CompilerThread0" daemon [_thread_blocked, id=15440, stack(0x000000d86f000000,0x000000d86f100000)]
  0x000002ca6e82f000 JavaThread "Sweeper thread" daemon [_thread_blocked, id=10124, stack(0x000000d86f100000,0x000000d86f200000)]
  0x000002ca6f1aa000 JavaThread "Common-Cleaner" daemon [_thread_blocked, id=11928, stack(0x000000d86f200000,0x000000d86f300000)]
  0x000002ca6f24f800 JavaThread "Service Thread" daemon [_thread_blocked, id=3696, stack(0x000000d86f300000,0x000000d86f400000)]
  0x000002ca6fa4d000 JavaThread "Test worker" [_thread_in_native, id=6788, stack(0x000000d86f700000,0x000000d86f800000)]
  0x000002ca6f9ce800 JavaThread "/127.0.0.1:59662 to /127.0.0.1:59661 workers Thread 2" [_thread_blocked, id=3548, stack(0x000000d86f500000,0x000000d86f600000)]
  0x000002ca6fbf0000 JavaThread "/127.0.0.1:59662 to /127.0.0.1:59661 workers Thread 3" [_thread_in_native, id=10160, stack(0x000000d86f800000,0x000000d86f900000)]
  0x000002ca74f5a800 JavaThread "HikariPool-1 housekeeper" daemon [_thread_blocked, id=8200, stack(0x000000d870300000,0x000000d870400000)]
  0x000002ca735c4000 JavaThread "HikariPool-1 connection adder" daemon [_thread_blocked, id=10408, stack(0x000000d870400000,0x000000d870500000)]
  0x000002ca7352c000 JavaThread "Catalina-utility-1" [_thread_blocked, id=13172, stack(0x000000d870500000,0x000000d870600000)]
  0x000002ca6f215000 JavaThread "Catalina-utility-2" [_thread_blocked, id=5028, stack(0x000000d870600000,0x000000d870700000)]
  0x000002ca7269f800 JavaThread "container-0" [_thread_blocked, id=15284, stack(0x000000d870700000,0x000000d870800000)]
  0x000002ca6f4f5800 JavaThread "C2 CompilerThread1" daemon [_thread_in_native, id=6392, stack(0x000000d870000000,0x000000d870100000)]
  0x000002ca7044b800 JavaThread "C2 CompilerThread2" daemon [_thread_in_native, id=2848, stack(0x000000d870100000,0x000000d870200000)]

Other Threads:
  0x000002ca6e7ce000 VMThread "VM Thread" [stack: 0x000000d86ea00000,0x000000d86eb00000] [id=5156]
  0x000002ca6f251800 WatcherThread [stack: 0x000000d86f400000,0x000000d86f500000] [id=7216]
  0x000002ca53308000 GCTaskThread "GC Thread#0" [stack: 0x000000d86e500000,0x000000d86e600000] [id=12988]
  0x000002ca6fc36000 GCTaskThread "GC Thread#1" [stack: 0x000000d86f900000,0x000000d86fa00000] [id=1964]
  0x000002ca6feb4000 GCTaskThread "GC Thread#2" [stack: 0x000000d86fa00000,0x000000d86fb00000] [id=12788]
  0x000002ca6fb00000 GCTaskThread "GC Thread#3" [stack: 0x000000d86fb00000,0x000000d86fc00000] [id=4444]
  0x000002ca6fb00800 GCTaskThread "GC Thread#4" [stack: 0x000000d86fc00000,0x000000d86fd00000] [id=5568]
  0x000002ca6fafc800 GCTaskThread "GC Thread#5" [stack: 0x000000d86fd00000,0x000000d86fe00000] [id=1960]
  0x000002ca6fafd000 GCTaskThread "GC Thread#6" [stack: 0x000000d86fe00000,0x000000d86ff00000] [id=13728]
  0x000002ca6fafd800 GCTaskThread "GC Thread#7" [stack: 0x000000d86ff00000,0x000000d870000000] [id=2044]
  0x000002ca53319000 ConcurrentGCThread "G1 Main Marker" [stack: 0x000000d86e600000,0x000000d86e700000] [id=11228]
  0x000002ca5331b800 ConcurrentGCThread "G1 Conc#0" [stack: 0x000000d86e700000,0x000000d86e800000] [id=15184]
  0x000002ca70cf0000 ConcurrentGCThread "G1 Conc#1" [stack: 0x000000d870200000,0x000000d870300000] [id=12512]
  0x000002ca533b2800 ConcurrentGCThread "G1 Refine#0" [stack: 0x000000d86e800000,0x000000d86e900000] [id=9772]
  0x000002ca533b6000 ConcurrentGCThread "G1 Young RemSet Sampling" [stack: 0x000000d86e900000,0x000000d86ea00000] [id=2576]

Threads with active compile tasks:
C2 CompilerThread0   7793 4508       4       org.springframework.core.annotation.AnnotationsScanner::getBaseTypeMethods (157 bytes)
C2 CompilerThread1   7794 4524       4       sun.invoke.util.BytecodeDescriptor::unparseSig (91 bytes)
C2 CompilerThread2   7794 4512       4       org.springframework.core.annotation.AnnotationsScanner::processMethodHierarchy (274 bytes)

VM state:not at safepoint (normal execution)

VM Mutex/Monitor currently owned by a thread: None

Heap address: 0x00000000e0000000, size: 512 MB, Compressed Oops mode: 32-bit
Narrow klass base: 0x0000000000000000, Narrow klass shift: 3
Compressed class space size: 1073741824 Address: 0x0000000100000000

Heap:
 garbage-first heap   total 129024K, used 55780K [0x00000000e0000000, 0x0000000100000000)
  region size 1024K, 38 young (38912K), 5 survivors (5120K)
 Metaspace       used 62949K, capacity 64375K, committed 64640K, reserved 1105920K
  class space    used 8184K, capacity 8753K, committed 8832K, reserved 1048576K
Heap Regions: E=young(eden), S=young(survivor), O=old, HS=humongous(starts), HC=humongous(continues), CS=collection set, F=free, A=archive, TAMS=top-at-mark-start (previous, next)
|   0|0x00000000e0000000, 0x00000000e0100000, 0x00000000e0100000|100%|HS|  |TAMS 0x00000000e0100000, 0x00000000e0000000| Complete 
|   1|0x00000000e0100000, 0x00000000e0200000, 0x00000000e0200000|100%| O|  |TAMS 0x00000000e0200000, 0x00000000e0100000| Untracked 
|   2|0x00000000e0200000, 0x00000000e0300000, 0x00000000e0300000|100%| O|  |TAMS 0x00000000e0300000, 0x00000000e0200000| Untracked 
|   3|0x00000000e0300000, 0x00000000e0400000, 0x00000000e0400000|100%| O|  |TAMS 0x00000000e0400000, 0x00000000e0300000| Untracked 
|   4|0x00000000e0400000, 0x00000000e0500000, 0x00000000e0500000|100%| O|  |TAMS 0x00000000e0500000, 0x00000000e0400000| Untracked 
|   5|0x00000000e0500000, 0x00000000e0600000, 0x00000000e0600000|100%| O|  |TAMS 0x00000000e0600000, 0x00000000e0500000| Untracked 
|   6|0x00000000e0600000, 0x00000000e0700000, 0x00000000e0700000|100%| O|  |TAMS 0x00000000e0700000, 0x00000000e0600000| Untracked 
|   7|0x00000000e0700000, 0x00000000e0800000, 0x00000000e0800000|100%| O|  |TAMS 0x00000000e0800000, 0x00000000e0700000| Untracked 
|   8|0x00000000e0800000, 0x00000000e0900000, 0x00000000e0900000|100%| O|  |TAMS 0x00000000e0900000, 0x00000000e0800000| Untracked 
|   9|0x00000000e0900000, 0x00000000e0a00000, 0x00000000e0a00000|100%| O|  |TAMS 0x00000000e0a00000, 0x00000000e0900000| Untracked 
|  10|0x00000000e0a00000, 0x00000000e0b00000, 0x00000000e0b00000|100%| O|  |TAMS 0x00000000e0b00000, 0x00000000e0a00000| Untracked 
|  11|0x00000000e0b00000, 0x00000000e0c00000, 0x00000000e0c00000|100%| O|  |TAMS 0x00000000e0c00000, 0x00000000e0b00000| Untracked 
|  12|0x00000000e0c00000, 0x00000000e0d00000, 0x00000000e0d00000|100%| O|  |TAMS 0x00000000e0d00000, 0x00000000e0c00000| Untracked 
|  13|0x00000000e0d00000, 0x00000000e0e00000, 0x00000000e0e00000|100%| O|  |TAMS 0x00000000e0e00000, 0x00000000e0d00000| Untracked 
|  14|0x00000000e0e00000, 0x00000000e0f00000, 0x00000000e0f00000|100%| O|  |TAMS 0x00000000e0f00000, 0x00000000e0e00000| Untracked 
|  15|0x00000000e0f00000, 0x00000000e1000000, 0x00000000e1000000|100%| O|  |TAMS 0x00000000e1000000, 0x00000000e0f00000| Untracked 
|  16|0x00000000e1000000, 0x00000000e1100000, 0x00000000e1100000|100%| O|  |TAMS 0x00000000e1100000, 0x00000000e1000000| Untracked 
|  17|0x00000000e1100000, 0x00000000e1185c00, 0x00000000e1200000| 52%| O|  |TAMS 0x00000000e1185c00, 0x00000000e1100000| Untracked 
|  18|0x00000000e1200000, 0x00000000e1200000, 0x00000000e1300000|  0%| F|  |TAMS 0x00000000e1200000, 0x00000000e1200000| Untracked 
|  19|0x00000000e1300000, 0x00000000e1300000, 0x00000000e1400000|  0%| F|  |TAMS 0x00000000e1300000, 0x00000000e1300000| Untracked 
|  20|0x00000000e1400000, 0x00000000e1400000, 0x00000000e1500000|  0%| F|  |TAMS 0x00000000e1400000, 0x00000000e1400000| Untracked 
|  21|0x00000000e1500000, 0x00000000e1500000, 0x00000000e1600000|  0%| F|  |TAMS 0x00000000e1500000, 0x00000000e1500000| Untracked 
|  22|0x00000000e1600000, 0x00000000e1600000, 0x00000000e1700000|  0%| F|  |TAMS 0x00000000e1600000, 0x00000000e1600000| Untracked 
|  23|0x00000000e1700000, 0x00000000e1700000, 0x00000000e1800000|  0%| F|  |TAMS 0x00000000e1700000, 0x00000000e1700000| Untracked 
|  24|0x00000000e1800000, 0x00000000e1800000, 0x00000000e1900000|  0%| F|  |TAMS 0x00000000e1800000, 0x00000000e1800000| Untracked 
|  25|0x00000000e1900000, 0x00000000e1900000, 0x00000000e1a00000|  0%| F|  |TAMS 0x00000000e1900000, 0x00000000e1900000| Untracked 
|  26|0x00000000e1a00000, 0x00000000e1a00000, 0x00000000e1b00000|  0%| F|  |TAMS 0x00000000e1a00000, 0x00000000e1a00000| Untracked 
|  27|0x00000000e1b00000, 0x00000000e1b00000, 0x00000000e1c00000|  0%| F|  |TAMS 0x00000000e1b00000, 0x00000000e1b00000| Untracked 
|  28|0x00000000e1c00000, 0x00000000e1c00000, 0x00000000e1d00000|  0%| F|  |TAMS 0x00000000e1c00000, 0x00000000e1c00000| Untracked 
|  29|0x00000000e1d00000, 0x00000000e1d00000, 0x00000000e1e00000|  0%| F|  |TAMS 0x00000000e1d00000, 0x00000000e1d00000| Untracked 
|  30|0x00000000e1e00000, 0x00000000e1e00000, 0x00000000e1f00000|  0%| F|  |TAMS 0x00000000e1e00000, 0x00000000e1e00000| Untracked 
|  31|0x00000000e1f00000, 0x00000000e1f00000, 0x00000000e2000000|  0%| F|  |TAMS 0x00000000e1f00000, 0x00000000e1f00000| Untracked 
|  32|0x00000000e2000000, 0x00000000e2000000, 0x00000000e2100000|  0%| F|  |TAMS 0x00000000e2000000, 0x00000000e2000000| Untracked 
|  33|0x00000000e2100000, 0x00000000e2100000, 0x00000000e2200000|  0%| F|  |TAMS 0x00000000e2100000, 0x00000000e2100000| Untracked 
|  34|0x00000000e2200000, 0x00000000e2200000, 0x00000000e2300000|  0%| F|  |TAMS 0x00000000e2200000, 0x00000000e2200000| Untracked 
|  35|0x00000000e2300000, 0x00000000e2300000, 0x00000000e2400000|  0%| F|  |TAMS 0x00000000e2300000, 0x00000000e2300000| Untracked 
|  36|0x00000000e2400000, 0x00000000e2400000, 0x00000000e2500000|  0%| F|  |TAMS 0x00000000e2400000, 0x00000000e2400000| Untracked 
|  37|0x00000000e2500000, 0x00000000e2500000, 0x00000000e2600000|  0%| F|  |TAMS 0x00000000e2500000, 0x00000000e2500000| Untracked 
|  38|0x00000000e2600000, 0x00000000e2600000, 0x00000000e2700000|  0%| F|  |TAMS 0x00000000e2600000, 0x00000000e2600000| Untracked 
|  39|0x00000000e2700000, 0x00000000e2700000, 0x00000000e2800000|  0%| F|  |TAMS 0x00000000e2700000, 0x00000000e2700000| Untracked 
|  40|0x00000000e2800000, 0x00000000e2800000, 0x00000000e2900000|  0%| F|  |TAMS 0x00000000e2800000, 0x00000000e2800000| Untracked 
|  41|0x00000000e2900000, 0x00000000e2900000, 0x00000000e2a00000|  0%| F|  |TAMS 0x00000000e2900000, 0x00000000e2900000| Untracked 
|  42|0x00000000e2a00000, 0x00000000e2a00000, 0x00000000e2b00000|  0%| F|  |TAMS 0x00000000e2a00000, 0x00000000e2a00000| Untracked 
|  43|0x00000000e2b00000, 0x00000000e2b00000, 0x00000000e2c00000|  0%| F|  |TAMS 0x00000000e2b00000, 0x00000000e2b00000| Untracked 
|  44|0x00000000e2c00000, 0x00000000e2c00000, 0x00000000e2d00000|  0%| F|  |TAMS 0x00000000e2c00000, 0x00000000e2c00000| Untracked 
|  45|0x00000000e2d00000, 0x00000000e2d00000, 0x00000000e2e00000|  0%| F|  |TAMS 0x00000000e2d00000, 0x00000000e2d00000| Untracked 
|  46|0x00000000e2e00000, 0x00000000e2e00000, 0x00000000e2f00000|  0%| F|  |TAMS 0x00000000e2e00000, 0x00000000e2e00000| Untracked 
|  47|0x00000000e2f00000, 0x00000000e2f00000, 0x00000000e3000000|  0%| F|  |TAMS 0x00000000e2f00000, 0x00000000e2f00000| Untracked 
|  48|0x00000000e3000000, 0x00000000e3000000, 0x00000000e3100000|  0%| F|  |TAMS 0x00000000e3000000, 0x00000000e3000000| Untracked 
|  49|0x00000000e3100000, 0x00000000e3100000, 0x00000000e3200000|  0%| F|  |TAMS 0x00000000e3100000, 0x00000000e3100000| Untracked 
|  50|0x00000000e3200000, 0x00000000e3200000, 0x00000000e3300000|  0%| F|  |TAMS 0x00000000e3200000, 0x00000000e3200000| Untracked 
|  51|0x00000000e3300000, 0x00000000e3300000, 0x00000000e3400000|  0%| F|  |TAMS 0x00000000e3300000, 0x00000000e3300000| Untracked 
|  52|0x00000000e3400000, 0x00000000e3400000, 0x00000000e3500000|  0%| F|  |TAMS 0x00000000e3400000, 0x00000000e3400000| Untracked 
|  53|0x00000000e3500000, 0x00000000e3500000, 0x00000000e3600000|  0%| F|  |TAMS 0x00000000e3500000, 0x00000000e3500000| Untracked 
|  54|0x00000000e3600000, 0x00000000e3600000, 0x00000000e3700000|  0%| F|  |TAMS 0x00000000e3600000, 0x00000000e3600000| Untracked 
|  55|0x00000000e3700000, 0x00000000e3700000, 0x00000000e3800000|  0%| F|  |TAMS 0x00000000e3700000, 0x00000000e3700000| Untracked 
|  56|0x00000000e3800000, 0x00000000e3800000, 0x00000000e3900000|  0%| F|  |TAMS 0x00000000e3800000, 0x00000000e3800000| Untracked 
|  57|0x00000000e3900000, 0x00000000e3900000, 0x00000000e3a00000|  0%| F|  |TAMS 0x00000000e3900000, 0x00000000e3900000| Untracked 
|  58|0x00000000e3a00000, 0x00000000e3a00000, 0x00000000e3b00000|  0%| F|  |TAMS 0x00000000e3a00000, 0x00000000e3a00000| Untracked 
|  59|0x00000000e3b00000, 0x00000000e3b00000, 0x00000000e3c00000|  0%| F|  |TAMS 0x00000000e3b00000, 0x00000000e3b00000| Untracked 
|  60|0x00000000e3c00000, 0x00000000e3c00000, 0x00000000e3d00000|  0%| F|  |TAMS 0x00000000e3c00000, 0x00000000e3c00000| Untracked 
|  61|0x00000000e3d00000, 0x00000000e3d00000, 0x00000000e3e00000|  0%| F|  |TAMS 0x00000000e3d00000, 0x00000000e3d00000| Untracked 
|  62|0x00000000e3e00000, 0x00000000e3e00000, 0x00000000e3f00000|  0%| F|  |TAMS 0x00000000e3e00000, 0x00000000e3e00000| Untracked 
|  63|0x00000000e3f00000, 0x00000000e3f00000, 0x00000000e4000000|  0%| F|  |TAMS 0x00000000e3f00000, 0x00000000e3f00000| Untracked 
|  64|0x00000000e4000000, 0x00000000e4000000, 0x00000000e4100000|  0%| F|  |TAMS 0x00000000e4000000, 0x00000000e4000000| Untracked 
|  65|0x00000000e4100000, 0x00000000e4100000, 0x00000000e4200000|  0%| F|  |TAMS 0x00000000e4100000, 0x00000000e4100000| Untracked 
|  66|0x00000000e4200000, 0x00000000e4200000, 0x00000000e4300000|  0%| F|  |TAMS 0x00000000e4200000, 0x00000000e4200000| Untracked 
|  67|0x00000000e4300000, 0x00000000e4300000, 0x00000000e4400000|  0%| F|  |TAMS 0x00000000e4300000, 0x00000000e4300000| Untracked 
|  68|0x00000000e4400000, 0x00000000e4400000, 0x00000000e4500000|  0%| F|  |TAMS 0x00000000e4400000, 0x00000000e4400000| Untracked 
|  69|0x00000000e4500000, 0x00000000e4500000, 0x00000000e4600000|  0%| F|  |TAMS 0x00000000e4500000, 0x00000000e4500000| Untracked 
|  70|0x00000000e4600000, 0x00000000e4600000, 0x00000000e4700000|  0%| F|  |TAMS 0x00000000e4600000, 0x00000000e4600000| Untracked 
|  71|0x00000000e4700000, 0x00000000e4700000, 0x00000000e4800000|  0%| F|  |TAMS 0x00000000e4700000, 0x00000000e4700000| Untracked 
|  72|0x00000000e4800000, 0x00000000e4800000, 0x00000000e4900000|  0%| F|  |TAMS 0x00000000e4800000, 0x00000000e4800000| Untracked 
|  73|0x00000000e4900000, 0x00000000e4900000, 0x00000000e4a00000|  0%| F|  |TAMS 0x00000000e4900000, 0x00000000e4900000| Untracked 
|  74|0x00000000e4a00000, 0x00000000e4a00000, 0x00000000e4b00000|  0%| F|  |TAMS 0x00000000e4a00000, 0x00000000e4a00000| Untracked 
|  75|0x00000000e4b00000, 0x00000000e4b00000, 0x00000000e4c00000|  0%| F|  |TAMS 0x00000000e4b00000, 0x00000000e4b00000| Untracked 
|  76|0x00000000e4c00000, 0x00000000e4c00000, 0x00000000e4d00000|  0%| F|  |TAMS 0x00000000e4c00000, 0x00000000e4c00000| Untracked 
|  77|0x00000000e4d00000, 0x00000000e4d00000, 0x00000000e4e00000|  0%| F|  |TAMS 0x00000000e4d00000, 0x00000000e4d00000| Untracked 
|  78|0x00000000e4e00000, 0x00000000e4e00000, 0x00000000e4f00000|  0%| F|  |TAMS 0x00000000e4e00000, 0x00000000e4e00000| Untracked 
|  79|0x00000000e4f00000, 0x00000000e4f00000, 0x00000000e5000000|  0%| F|  |TAMS 0x00000000e4f00000, 0x00000000e4f00000| Untracked 
|  80|0x00000000e5000000, 0x00000000e5000000, 0x00000000e5100000|  0%| F|  |TAMS 0x00000000e5000000, 0x00000000e5000000| Untracked 
|  81|0x00000000e5100000, 0x00000000e5100000, 0x00000000e5200000|  0%| F|  |TAMS 0x00000000e5100000, 0x00000000e5100000| Untracked 
|  82|0x00000000e5200000, 0x00000000e5200000, 0x00000000e5300000|  0%| F|  |TAMS 0x00000000e5200000, 0x00000000e5200000| Untracked 
|  83|0x00000000e5300000, 0x00000000e5300000, 0x00000000e5400000|  0%| F|  |TAMS 0x00000000e5300000, 0x00000000e5300000| Untracked 
|  84|0x00000000e5400000, 0x00000000e5400000, 0x00000000e5500000|  0%| F|  |TAMS 0x00000000e5400000, 0x00000000e5400000| Untracked 
|  85|0x00000000e5500000, 0x00000000e5500000, 0x00000000e5600000|  0%| F|  |TAMS 0x00000000e5500000, 0x00000000e5500000| Untracked 
|  86|0x00000000e5600000, 0x00000000e5600000, 0x00000000e5700000|  0%| F|  |TAMS 0x00000000e5600000, 0x00000000e5600000| Untracked 
|  87|0x00000000e5700000, 0x00000000e5700000, 0x00000000e5800000|  0%| F|  |TAMS 0x00000000e5700000, 0x00000000e5700000| Untracked 
|  88|0x00000000e5800000, 0x00000000e5900000, 0x00000000e5900000|100%| E|  |TAMS 0x00000000e5800000, 0x00000000e5800000| Complete 
|  89|0x00000000e5900000, 0x00000000e5a00000, 0x00000000e5a00000|100%| E|CS|TAMS 0x00000000e5900000, 0x00000000e5900000| Complete 
|  90|0x00000000e5a00000, 0x00000000e5b00000, 0x00000000e5b00000|100%| E|CS|TAMS 0x00000000e5a00000, 0x00000000e5a00000| Complete 
|  91|0x00000000e5b00000, 0x00000000e5c00000, 0x00000000e5c00000|100%| E|CS|TAMS 0x00000000e5b00000, 0x00000000e5b00000| Complete 
|  92|0x00000000e5c00000, 0x00000000e5d00000, 0x00000000e5d00000|100%| E|CS|TAMS 0x00000000e5c00000, 0x00000000e5c00000| Complete 
|  93|0x00000000e5d00000, 0x00000000e5e00000, 0x00000000e5e00000|100%| E|CS|TAMS 0x00000000e5d00000, 0x00000000e5d00000| Complete 
|  94|0x00000000e5e00000, 0x00000000e5f00000, 0x00000000e5f00000|100%| E|CS|TAMS 0x00000000e5e00000, 0x00000000e5e00000| Complete 
|  95|0x00000000e5f00000, 0x00000000e6000000, 0x00000000e6000000|100%| E|CS|TAMS 0x00000000e5f00000, 0x00000000e5f00000| Complete 
|  96|0x00000000e6000000, 0x00000000e6100000, 0x00000000e6100000|100%| E|CS|TAMS 0x00000000e6000000, 0x00000000e6000000| Complete 
|  97|0x00000000e6100000, 0x00000000e6200000, 0x00000000e6200000|100%| E|CS|TAMS 0x00000000e6100000, 0x00000000e6100000| Complete 
|  98|0x00000000e6200000, 0x00000000e6300000, 0x00000000e6300000|100%| E|CS|TAMS 0x00000000e6200000, 0x00000000e6200000| Complete 
|  99|0x00000000e6300000, 0x00000000e6400000, 0x00000000e6400000|100%| E|CS|TAMS 0x00000000e6300000, 0x00000000e6300000| Complete 
| 100|0x00000000e6400000, 0x00000000e6500000, 0x00000000e6500000|100%| E|CS|TAMS 0x00000000e6400000, 0x00000000e6400000| Complete 
| 101|0x00000000e6500000, 0x00000000e6600000, 0x00000000e6600000|100%| E|CS|TAMS 0x00000000e6500000, 0x00000000e6500000| Complete 
| 102|0x00000000e6600000, 0x00000000e6700000, 0x00000000e6700000|100%| E|CS|TAMS 0x00000000e6600000, 0x00000000e6600000| Complete 
| 103|0x00000000e6700000, 0x00000000e6800000, 0x00000000e6800000|100%| E|CS|TAMS 0x00000000e6700000, 0x00000000e6700000| Complete 
| 104|0x00000000e6800000, 0x00000000e6900000, 0x00000000e6900000|100%| E|CS|TAMS 0x00000000e6800000, 0x00000000e6800000| Complete 
| 105|0x00000000e6900000, 0x00000000e6a00000, 0x00000000e6a00000|100%| E|CS|TAMS 0x00000000e6900000, 0x00000000e6900000| Complete 
| 106|0x00000000e6a00000, 0x00000000e6b00000, 0x00000000e6b00000|100%| E|CS|TAMS 0x00000000e6a00000, 0x00000000e6a00000| Complete 
| 107|0x00000000e6b00000, 0x00000000e6c00000, 0x00000000e6c00000|100%| E|CS|TAMS 0x00000000e6b00000, 0x00000000e6b00000| Complete 
| 108|0x00000000e6c00000, 0x00000000e6d00000, 0x00000000e6d00000|100%| E|CS|TAMS 0x00000000e6c00000, 0x00000000e6c00000| Complete 
| 109|0x00000000e6d00000, 0x00000000e6df3710, 0x00000000e6e00000| 95%| S|CS|TAMS 0x00000000e6d00000, 0x00000000e6d00000| Complete 
| 110|0x00000000e6e00000, 0x00000000e6f00000, 0x00000000e6f00000|100%| S|CS|TAMS 0x00000000e6e00000, 0x00000000e6e00000| Complete 
| 111|0x00000000e6f00000, 0x00000000e7000000, 0x00000000e7000000|100%| S|CS|TAMS 0x00000000e6f00000, 0x00000000e6f00000| Complete 
| 112|0x00000000e7000000, 0x00000000e7100000, 0x00000000e7100000|100%| S|CS|TAMS 0x00000000e7000000, 0x00000000e7000000| Complete 
| 113|0x00000000e7100000, 0x00000000e7200000, 0x00000000e7200000|100%| S|CS|TAMS 0x00000000e7100000, 0x00000000e7100000| Complete 
| 114|0x00000000e7200000, 0x00000000e7300000, 0x00000000e7300000|100%| E|CS|TAMS 0x00000000e7200000, 0x00000000e7200000| Complete 
| 115|0x00000000e7300000, 0x00000000e7400000, 0x00000000e7400000|100%| E|CS|TAMS 0x00000000e7300000, 0x00000000e7300000| Complete 
| 116|0x00000000e7400000, 0x00000000e7500000, 0x00000000e7500000|100%| E|CS|TAMS 0x00000000e7400000, 0x00000000e7400000| Complete 
| 117|0x00000000e7500000, 0x00000000e7600000, 0x00000000e7600000|100%| E|CS|TAMS 0x00000000e7500000, 0x00000000e7500000| Complete 
| 118|0x00000000e7600000, 0x00000000e7700000, 0x00000000e7700000|100%| E|CS|TAMS 0x00000000e7600000, 0x00000000e7600000| Complete 
| 119|0x00000000e7700000, 0x00000000e7800000, 0x00000000e7800000|100%| E|CS|TAMS 0x00000000e7700000, 0x00000000e7700000| Complete 
| 120|0x00000000e7800000, 0x00000000e7900000, 0x00000000e7900000|100%| E|CS|TAMS 0x00000000e7800000, 0x00000000e7800000| Complete 
| 121|0x00000000e7900000, 0x00000000e7a00000, 0x00000000e7a00000|100%| E|CS|TAMS 0x00000000e7900000, 0x00000000e7900000| Complete 
| 122|0x00000000e7a00000, 0x00000000e7b00000, 0x00000000e7b00000|100%| E|CS|TAMS 0x00000000e7a00000, 0x00000000e7a00000| Complete 
| 123|0x00000000e7b00000, 0x00000000e7c00000, 0x00000000e7c00000|100%| E|CS|TAMS 0x00000000e7b00000, 0x00000000e7b00000| Complete 
| 124|0x00000000e7c00000, 0x00000000e7d00000, 0x00000000e7d00000|100%| E|CS|TAMS 0x00000000e7c00000, 0x00000000e7c00000| Complete 
| 125|0x00000000e7d00000, 0x00000000e7e00000, 0x00000000e7e00000|100%| E|CS|TAMS 0x00000000e7d00000, 0x00000000e7d00000| Complete 

Card table byte_map: [0x000002ca6abd0000,0x000002ca6acd0000] _byte_map_base: 0x000002ca6a4d0000

Marking Bits (Prev, Next): (CMBitMap*) 0x000002ca533165d0, (CMBitMap*) 0x000002ca53316598
 Prev Bits: [0x000002ca6b5d0000, 0x000002ca6bdd0000)
 Next Bits: [0x000002ca6add0000, 0x000002ca6b5d0000)

Polling page: 0x000002ca512a0000

Metaspace:

Usage:
  Non-class:     54.38 MB capacity,    53.51 MB ( 98%) used,   707.19 KB (  1%) free+waste,   182.56 KB ( <1%) overhead. 
      Class:      8.55 MB capacity,     8.00 MB ( 94%) used,   479.90 KB (  5%) free+waste,    86.19 KB ( <1%) overhead. 
       Both:     62.93 MB capacity,    61.51 MB ( 98%) used,     1.16 MB (  2%) free+waste,   268.75 KB ( <1%) overhead. 

Virtual space:
  Non-class space:       56.00 MB reserved,      54.50 MB ( 97%) committed 
      Class space:        1.00 GB reserved,       8.63 MB ( <1%) committed 
             Both:        1.05 GB reserved,      63.13 MB (  6%) committed 

Chunk freelists:
   Non-Class:  7.00 KB
       Class:  0 bytes
        Both:  7.00 KB

CodeHeap 'non-profiled nmethods': size=120000Kb used=3105Kb max_used=3105Kb free=116895Kb
 bounds [0x000002ca63270000, 0x000002ca63580000, 0x000002ca6a7a0000]
CodeHeap 'profiled nmethods': size=120000Kb used=10281Kb max_used=10281Kb free=109719Kb
 bounds [0x000002ca5bd40000, 0x000002ca5c750000, 0x000002ca63270000]
CodeHeap 'non-nmethods': size=5760Kb used=1223Kb max_used=1257Kb free=4536Kb
 bounds [0x000002ca5b7a0000, 0x000002ca5ba10000, 0x000002ca5bd40000]
 total_blobs=5143 nmethods=4542 adapters=512
 compilation: enabled
              stopped_count=0, restarted_count=0
 full_count=0

Compilation events (10 events):
Event: 7.760 Thread 0x000002ca6f4f5800 4524       4       sun.invoke.util.BytecodeDescriptor::unparseSig (91 bytes)
Event: 7.760 Thread 0x000002ca6e824800 4525       3       java.lang.invoke.LambdaFormEditor::bindArgumentForm (269 bytes)
Event: 7.762 Thread 0x000002ca6e824800 nmethod 4525 0x000002ca5c73cc90 code [0x000002ca5c73d060, 0x000002ca5c73e8e8]
Event: 7.767 Thread 0x000002ca6e824800 4527       3       java.util.Locale::hasExtensions (13 bytes)
Event: 7.767 Thread 0x000002ca6e824800 nmethod 4527 0x000002ca5c73f390 code [0x000002ca5c73f520, 0x000002ca5c73f678]
Event: 7.770 Thread 0x000002ca6e824800 4528       3       org.springframework.util.ReflectionUtils::makeAccessible (36 bytes)
Event: 7.770 Thread 0x000002ca6e824800 nmethod 4528 0x000002ca5c73f710 code [0x000002ca5c73f940, 0x000002ca5c7401b8]
Event: 7.771 Thread 0x000002ca6e824800 4529       3       org.springframework.core.annotation.TypeMappedAnnotation::getAttributeValue (23 bytes)
Event: 7.771 Thread 0x000002ca6e824800 nmethod 4529 0x000002ca5c740490 code [0x000002ca5c740640, 0x000002ca5c740818]
Event: 7.774 Thread 0x000002ca6e824800 4531       3       java.util.Spliterators$ArraySpliterator::tryAdvance (58 bytes)

GC Heap History (10 events):
Event: 3.409 GC heap before
{Heap before GC invocations=6 (full 0):
 garbage-first heap   total 129024K, used 64918K [0x00000000e0000000, 0x0000000100000000)
  region size 1024K, 58 young (59392K), 5 survivors (5120K)
 Metaspace       used 34749K, capacity 35710K, committed 35840K, reserved 1081344K
  class space    used 4254K, capacity 4608K, committed 4608K, reserved 1048576K
}
Event: 3.416 GC heap after
{Heap after GC invocations=7 (full 0):
 garbage-first heap   total 129024K, used 14210K [0x00000000e0000000, 0x0000000100000000)
  region size 1024K, 6 young (6144K), 6 survivors (6144K)
 Metaspace       used 34749K, capacity 35710K, committed 35840K, reserved 1081344K
  class space    used 4254K, capacity 4608K, committed 4608K, reserved 1048576K
}
Event: 4.793 GC heap before
{Heap before GC invocations=8 (full 0):
 garbage-first heap   total 129024K, used 83842K [0x00000000e0000000, 0x0000000100000000)
  region size 1024K, 75 young (76800K), 6 survivors (6144K)
 Metaspace       used 41646K, capacity 42943K, committed 43136K, reserved 1087488K
  class space    used 5135K, capacity 5644K, committed 5760K, reserved 1048576K
}
Event: 4.803 GC heap after
{Heap after GC invocations=9 (full 0):
 garbage-first heap   total 129024K, used 18386K [0x00000000e0000000, 0x0000000100000000)
  region size 1024K, 10 young (10240K), 10 survivors (10240K)
 Metaspace       used 41646K, capacity 42943K, committed 43136K, reserved 1087488K
  class space    used 5135K, capacity 5644K, committed 5760K, reserved 1048576K
}
Event: 5.603 GC heap before
{Heap before GC invocations=9 (full 0):
 garbage-first heap   total 129024K, used 83922K [0x00000000e0000000, 0x0000000100000000)
  region size 1024K, 75 young (76800K), 10 survivors (10240K)
 Metaspace       used 46259K, capacity 47509K, committed 47616K, reserved 1091584K
  class space    used 5615K, capacity 6119K, committed 6144K, reserved 1048576K
}
Event: 5.615 GC heap after
{Heap after GC invocations=10 (full 0):
 garbage-first heap   total 129024K, used 20101K [0x00000000e0000000, 0x0000000100000000)
  region size 1024K, 7 young (7168K), 7 survivors (7168K)
 Metaspace       used 46259K, capacity 47509K, committed 47616K, reserved 1091584K
  class space    used 5615K, capacity 6119K, committed 6144K, reserved 1048576K
}
Event: 7.053 GC heap before
{Heap before GC invocations=10 (full 0):
 garbage-first heap   total 129024K, used 89733K [0x00000000e0000000, 0x0000000100000000)
  region size 1024K, 75 young (76800K), 7 survivors (7168K)
 Metaspace       used 56694K, capacity 57988K, committed 58240K, reserved 1099776K
  class space    used 7204K, capacity 7732K, committed 7808K, reserved 1048576K
}
Event: 7.060 GC heap after
{Heap after GC invocations=11 (full 0):
 garbage-first heap   total 129024K, used 23063K [0x00000000e0000000, 0x0000000100000000)
  region size 1024K, 5 young (5120K), 5 survivors (5120K)
 Metaspace       used 56694K, capacity 57988K, committed 58240K, reserved 1099776K
  class space    used 7204K, capacity 7732K, committed 7808K, reserved 1048576K
}
Event: 7.229 GC heap before
{Heap before GC invocations=11 (full 0):
 garbage-first heap   total 129024K, used 34327K [0x00000000e0000000, 0x0000000100000000)
  region size 1024K, 17 young (17408K), 5 survivors (5120K)
 Metaspace       used 58597K, capacity 59868K, committed 59948K, reserved 1101824K
  class space    used 7537K, capacity 8059K, committed 8064K, reserved 1048576K
}
Event: 7.234 GC heap after
{Heap after GC invocations=12 (full 0):
 garbage-first heap   total 129024K, used 23012K [0x00000000e0000000, 0x0000000100000000)
  region size 1024K, 5 young (5120K), 5 survivors (5120K)
 Metaspace       used 58597K, capacity 59868K, committed 59948K, reserved 1101824K
  class space    used 7537K, capacity 8059K, committed 8064K, reserved 1048576K
}

Deoptimization events (10 events):
Event: 7.557 Thread 0x000002ca6fa4d000 Uncommon trap: reason=array_check action=maybe_recompile pc=0x000002ca635544f8 method=java.util.AbstractCollection.toArray([Ljava/lang/Object;)[Ljava/lang/Object; @ 116 c2
Event: 7.582 Thread 0x000002ca6fa4d000 Uncommon trap: reason=null_check action=make_not_entrant pc=0x000002ca63557c04 method=java.lang.Class.getMethodsRecursive(Ljava/lang/String;[Ljava/lang/Class;Z)Ljava/lang/PublicMethods$MethodList; @ 26 c2
Event: 7.588 Thread 0x000002ca6fa4d000 Uncommon trap: reason=class_check action=maybe_recompile pc=0x000002ca634e0a3c method=org.springframework.beans.factory.support.AbstractBeanFactory.isTypeMatch(Ljava/lang/String;Lorg/springframework/core/ResolvableType;Z)Z @ 53 c2
Event: 7.731 Thread 0x000002ca6fa4d000 Uncommon trap: reason=speculate_null_assert action=make_not_entrant pc=0x000002ca6341cb98 method=org.springframework.util.ConcurrentReferenceHashMap$Segment.restructureIfNecessary(Z)V @ 41 c2
Event: 7.759 Thread 0x000002ca6fa4d000 Uncommon trap: reason=class_check action=maybe_recompile pc=0x000002ca634508e4 method=org.springframework.util.ConcurrentReferenceHashMap$Segment.findInChain(Lorg/springframework/util/ConcurrentReferenceHashMap$Reference;Ljava/lang/Object;I)Lorg/springfra
Event: 7.759 Thread 0x000002ca6fa4d000 Uncommon trap: reason=class_check action=maybe_recompile pc=0x000002ca6344f71c method=org.springframework.util.ConcurrentReferenceHashMap$Segment.findInChain(Lorg/springframework/util/ConcurrentReferenceHashMap$Reference;Ljava/lang/Object;I)Lorg/springfra
Event: 7.770 Thread 0x000002ca6fa4d000 Uncommon trap: reason=profile_predicate action=maybe_recompile pc=0x000002ca6357061c method=java.lang.PublicMethods$MethodList.filter([Ljava/lang/reflect/Method;Ljava/lang/String;[Ljava/lang/Class;Z)Ljava/lang/PublicMethods$MethodList; @ 21 c2
Event: 7.770 Thread 0x000002ca6fa4d000 Uncommon trap: reason=profile_predicate action=maybe_recompile pc=0x000002ca63570788 method=java.lang.PublicMethods$MethodList.filter([Ljava/lang/reflect/Method;Ljava/lang/String;[Ljava/lang/Class;Z)Ljava/lang/PublicMethods$MethodList; @ 21 c2
Event: 7.770 Thread 0x000002ca6fa4d000 Uncommon trap: reason=profile_predicate action=maybe_recompile pc=0x000002ca6357061c method=java.lang.PublicMethods$MethodList.filter([Ljava/lang/reflect/Method;Ljava/lang/String;[Ljava/lang/Class;Z)Ljava/lang/PublicMethods$MethodList; @ 21 c2
Event: 7.771 Thread 0x000002ca6fa4d000 Uncommon trap: reason=profile_predicate action=maybe_recompile pc=0x000002ca6357061c method=java.lang.PublicMethods$MethodList.filter([Ljava/lang/reflect/Method;Ljava/lang/String;[Ljava/lang/Class;Z)Ljava/lang/PublicMethods$MethodList; @ 21 c2

Classes redefined (0 events):
No events

Internal exceptions (10 events):
Event: 7.586 Thread 0x000002ca6fa4d000 Exception <a 'java/lang/ClassNotFoundException'{0x00000000e619f2b0}: org/springframework/beans/factory/BeanClassLoaderAwareCustomizer> (0x00000000e619f2b0) thrown at [./open/src/hotspot/share/classfile/systemDictionary.cpp, line 228]
Event: 7.586 Thread 0x000002ca6fa4d000 Exception <a 'java/lang/ClassNotFoundException'{0x00000000e61afa10}: org/springframework/beans/factory/AwareCustomizer> (0x00000000e61afa10) thrown at [./open/src/hotspot/share/classfile/systemDictionary.cpp, line 228]
Event: 7.586 Thread 0x000002ca6fa4d000 Exception <a 'java/lang/ClassNotFoundException'{0x00000000e61c1058}: org/springframework/beans/factory/BeanFactoryAwareCustomizer> (0x00000000e61c1058) thrown at [./open/src/hotspot/share/classfile/systemDictionary.cpp, line 228]
Event: 7.587 Thread 0x000002ca6fa4d000 Exception <a 'java/lang/ClassNotFoundException'{0x00000000e61d1cb8}: org/springframework/beans/factory/AwareCustomizer> (0x00000000e61d1cb8) thrown at [./open/src/hotspot/share/classfile/systemDictionary.cpp, line 228]
Event: 7.587 Thread 0x000002ca6fa4d000 Exception <a 'java/lang/ClassNotFoundException'{0x00000000e61e32f8}: org/springframework/beans/factory/InitializingBeanCustomizer> (0x00000000e61e32f8) thrown at [./open/src/hotspot/share/classfile/systemDictionary.cpp, line 228]
Event: 7.587 Thread 0x000002ca6fa4d000 Exception <a 'java/lang/ClassNotFoundException'{0x00000000e61f4aa8}: org/springframework/beans/factory/DisposableBeanCustomizer> (0x00000000e61f4aa8) thrown at [./open/src/hotspot/share/classfile/systemDictionary.cpp, line 228]
Event: 7.623 Thread 0x000002ca6fa4d000 Exception <a 'java/lang/NoSuchMethodError'{0x00000000e5f9fc48}: java.lang.invoke.DirectMethodHandle$Holder.invokeSpecialIFC(Ljava/lang/Object;Ljava/lang/Object;Ljava/lang/Object;)Ljava/lang/Object;> (0x00000000e5f9fc48) thrown at [./open/src/hotspot/share
Event: 7.749 Thread 0x000002ca6fa4d000 Exception <a 'java/lang/ClassNotFoundException'{0x00000000e5a69708}: java/lang/ObjectCustomizer> (0x00000000e5a69708) thrown at [./open/src/hotspot/share/classfile/systemDictionary.cpp, line 228]
Event: 7.750 Thread 0x000002ca6fa4d000 Exception <a 'java/lang/ClassNotFoundException'{0x00000000e5a7e508}: com/josomang/book/springboot/domain/posts/BaseTimeEntityCustomizer> (0x00000000e5a7e508) thrown at [./open/src/hotspot/share/classfile/systemDictionary.cpp, line 228]
Event: 7.751 Thread 0x000002ca6fa4d000 Exception <a 'java/lang/ClassNotFoundException'{0x00000000e5a91430}: com/josomang/book/springboot/domain/posts/PostsCustomizer> (0x00000000e5a91430) thrown at [./open/src/hotspot/share/classfile/systemDictionary.cpp, line 228]

Events (10 events):
Event: 7.772 loading class org/springframework/data/jpa/mapping/JpaPersistentPropertyImpl
Event: 7.772 loading class org/springframework/data/jpa/mapping/JpaPersistentPropertyImpl done
Event: 7.772 loading class org/springframework/data/annotation/AccessType
Event: 7.772 loading class org/springframework/data/annotation/AccessType done
Event: 7.773 loading class org/springframework/data/mapping/model/BasicPersistentEntity
Event: 7.773 loading class org/springframework/data/mapping/model/BasicPersistentEntity done
Event: 7.774 loading class org/springframework/data/jpa/mapping/JpaPersistentPropertyImpl
Event: 7.774 loading class org/springframework/data/jpa/mapping/JpaPersistentPropertyImpl done
Event: 7.774 loading class org/springframework/data/jpa/util/JpaMetamodel
Event: 7.774 loading class org/springframework/data/jpa/util/JpaMetamodel done


Dynamic libraries:
0x00007ff647580000 - 0x00007ff64758f000 	C:\Program Files\Java\jdk-11.0.11\bin\java.exe
0x00007fff928f0000 - 0x00007fff92ae5000 	C:\WINDOWS\SYSTEM32\ntdll.dll
0x00007fff92460000 - 0x00007fff9251d000 	C:\WINDOWS\System32\KERNEL32.DLL
0x00007fff902c0000 - 0x00007fff90589000 	C:\WINDOWS\System32\KERNELBASE.dll
0x00007fff907a0000 - 0x00007fff908a0000 	C:\WINDOWS\System32\ucrtbase.dll
0x00007fff842e0000 - 0x00007fff842f5000 	C:\Program Files\Java\jdk-11.0.11\bin\VCRUNTIME140.dll
0x00007fff84630000 - 0x00007fff84648000 	C:\Program Files\Java\jdk-11.0.11\bin\jli.dll
0x00007fff90a70000 - 0x00007fff90b1c000 	C:\WINDOWS\System32\ADVAPI32.dll
0x00007fff91fe0000 - 0x00007fff9207e000 	C:\WINDOWS\System32\msvcrt.dll
0x00007fff917b0000 - 0x00007fff9184b000 	C:\WINDOWS\System32\sechost.dll
0x00007fff91850000 - 0x00007fff9197a000 	C:\WINDOWS\System32\RPCRT4.dll
0x00007fff92290000 - 0x00007fff92430000 	C:\WINDOWS\System32\USER32.dll
0x00007fff90920000 - 0x00007fff90942000 	C:\WINDOWS\System32\win32u.dll
0x00007fff7cb70000 - 0x00007fff7ce0a000 	C:\WINDOWS\WinSxS\amd64_microsoft.windows.common-controls_6595b64144ccf1df_6.0.19041.1110_none_60b5254171f9507e\COMCTL32.dll
0x00007fff92430000 - 0x00007fff9245a000 	C:\WINDOWS\System32\GDI32.dll
0x00007fff90020000 - 0x00007fff9012b000 	C:\WINDOWS\System32\gdi32full.dll
0x00007fff901c0000 - 0x00007fff9025d000 	C:\WINDOWS\System32\msvcp_win.dll
0x00007fff82250000 - 0x00007fff8225a000 	C:\WINDOWS\SYSTEM32\VERSION.dll
0x00007fff91980000 - 0x00007fff919b0000 	C:\WINDOWS\System32\IMM32.DLL
0x00007fff70dc0000 - 0x00007fff70e5b000 	C:\Program Files\Java\jdk-11.0.11\bin\msvcp140.dll
0x00007fff42f40000 - 0x00007fff43a3e000 	C:\Program Files\Java\jdk-11.0.11\bin\server\jvm.dll
0x00007fff917a0000 - 0x00007fff917a8000 	C:\WINDOWS\System32\PSAPI.DLL
0x00007fff812d0000 - 0x00007fff812d9000 	C:\WINDOWS\SYSTEM32\WSOCK32.dll
0x00007fff92220000 - 0x00007fff9228b000 	C:\WINDOWS\System32\WS2_32.dll
0x00007fff78e40000 - 0x00007fff78e67000 	C:\WINDOWS\SYSTEM32\WINMM.dll
0x00007fff8e8b0000 - 0x00007fff8e8c2000 	C:\WINDOWS\SYSTEM32\kernel.appcore.dll
0x00007fff84660000 - 0x00007fff84670000 	C:\Program Files\Java\jdk-11.0.11\bin\verify.dll
0x00007fff8e5d0000 - 0x00007fff8e7b4000 	C:\WINDOWS\SYSTEM32\DBGHELP.DLL
0x00007fff7aa10000 - 0x00007fff7aa3c000 	C:\WINDOWS\SYSTEM32\dbgcore.DLL
0x00007fff90130000 - 0x00007fff901b3000 	C:\WINDOWS\System32\bcryptPrimitives.dll
0x00007fff81e50000 - 0x00007fff81e78000 	C:\Program Files\Java\jdk-11.0.11\bin\java.dll
0x00007fff84580000 - 0x00007fff8458a000 	C:\Program Files\Java\jdk-11.0.11\bin\jimage.dll
0x00007fff81e30000 - 0x00007fff81e46000 	C:\Program Files\Java\jdk-11.0.11\bin\zip.dll
0x00007fff91000000 - 0x00007fff9173f000 	C:\WINDOWS\System32\SHELL32.dll
0x00007fff8dd70000 - 0x00007fff8e500000 	C:\WINDOWS\SYSTEM32\windows.storage.dll
0x00007fff91bf0000 - 0x00007fff91f45000 	C:\WINDOWS\System32\combase.dll
0x00007fff8fa80000 - 0x00007fff8faac000 	C:\WINDOWS\SYSTEM32\Wldp.dll
0x00007fff92800000 - 0x00007fff928ae000 	C:\WINDOWS\System32\SHCORE.dll
0x00007fff90fa0000 - 0x00007fff90ff5000 	C:\WINDOWS\System32\shlwapi.dll
0x00007fff8ff60000 - 0x00007fff8ff7f000 	C:\WINDOWS\SYSTEM32\profapi.dll
0x00007fff874e0000 - 0x00007fff874f9000 	C:\Program Files\Java\jdk-11.0.11\bin\net.dll
0x00007fff869a0000 - 0x00007fff86aa8000 	C:\WINDOWS\SYSTEM32\WINHTTP.dll
0x00007fff8f7e0000 - 0x00007fff8f84a000 	C:\WINDOWS\system32\mswsock.dll
0x00007fff842c0000 - 0x00007fff842d2000 	C:\Program Files\Java\jdk-11.0.11\bin\nio.dll
0x00007fff8f9d0000 - 0x00007fff8f9e8000 	C:\WINDOWS\SYSTEM32\CRYPTSP.dll
0x00007fff8f0f0000 - 0x00007fff8f124000 	C:\WINDOWS\system32\rsaenh.dll
0x00007fff908a0000 - 0x00007fff908c7000 	C:\WINDOWS\System32\bcrypt.dll
0x00007fff8fee0000 - 0x00007fff8ff0e000 	C:\WINDOWS\SYSTEM32\USERENV.dll
0x00007fff8f9f0000 - 0x00007fff8f9fc000 	C:\WINDOWS\SYSTEM32\CRYPTBASE.dll
0x00007fff8f480000 - 0x00007fff8f4bb000 	C:\WINDOWS\SYSTEM32\IPHLPAPI.DLL
0x00007fff92190000 - 0x00007fff92198000 	C:\WINDOWS\System32\NSI.dll
0x00007fff84f90000 - 0x00007fff84fa7000 	C:\WINDOWS\SYSTEM32\dhcpcsvc6.DLL
0x00007fff847d0000 - 0x00007fff847ed000 	C:\WINDOWS\SYSTEM32\dhcpcsvc.DLL
0x00007fff8f4d0000 - 0x00007fff8f59c000 	C:\WINDOWS\SYSTEM32\DNSAPI.dll
0x00007fff87600000 - 0x00007fff87609000 	C:\Program Files\Java\jdk-11.0.11\bin\management.dll
0x00007fff84570000 - 0x00007fff8457b000 	C:\Program Files\Java\jdk-11.0.11\bin\management_ext.dll
0x00007fff6eb10000 - 0x00007fff6eb27000 	C:\WINDOWS\system32\napinsp.dll
0x00007fff6e8b0000 - 0x00007fff6e8cb000 	C:\WINDOWS\system32\pnrpnsp.dll
0x00007fff86d00000 - 0x00007fff86d15000 	C:\WINDOWS\system32\wshbth.dll
0x00007fff86dc0000 - 0x00007fff86ddd000 	C:\WINDOWS\system32\NLAapi.dll
0x00007fff6e890000 - 0x00007fff6e8a2000 	C:\WINDOWS\System32\winrnr.dll
0x00007fff83c20000 - 0x00007fff83c2a000 	C:\Windows\System32\rasadhlp.dll
0x00007fff81970000 - 0x00007fff819ef000 	C:\WINDOWS\System32\fwpuclnt.dll

dbghelp: loaded successfully - version: 4.0.5 - missing functions: none
symbol engine: initialized successfully - sym options: 0x614 - pdb path: .;C:\Program Files\Java\jdk-11.0.11\bin;C:\WINDOWS\SYSTEM32;C:\WINDOWS\WinSxS\amd64_microsoft.windows.common-controls_6595b64144ccf1df_6.0.19041.1110_none_60b5254171f9507e;C:\Program Files\Java\jdk-11.0.11\bin\server

VM Arguments:
jvm_args: -Dorg.gradle.internal.worker.tmpdir=C:\Users\c\IdeaProjects\com.josomang.book\build\tmp\test\work -Dorg.gradle.native=false --add-opens=java.base/java.util=ALL-UNNAMED --add-opens=java.base/java.lang=ALL-UNNAMED -Xmx512m -Dfile.encoding=x-windows-949 -Duser.country=KR -Duser.language=ko -Duser.variant -ea 
java_command: worker.org.gradle.process.internal.worker.GradleWorkerMain 'Gradle Test Executor 8'
java_class_path (initial): C:\\Users\\c\\.gradle\\caches\\7.1\\workerMain\\gradle-worker.jar;C:\\Users\\c\\IdeaProjects\\com.josomang.book\\build\\classes\\java\\test;C:\\Users\\c\\IdeaProjects\\com.josomang.book\\build\\resources\\test;C:\\Users\\c\\IdeaProjects\\com.josomang.book\\build\\classes\\java\\main;C:\\Users\\c\\IdeaProjects\\com.josomang.book\\build\\resources\\main;C:\\Users\\c\\.gradle\\caches\\modules-2\\files-2.1\\org.springframework.boot\\spring-boot-starter-web\\2.2.1.RELEASE\\689213aca6e25e2aa9b377e61273aa3d31f30f60\\spring-boot-starter-web-2.2.1.RELEASE.jar;C:\\Users\\c\\.gradle\\caches\\modules-2\\files-2.1\\org.projectlombok\\lombok\\1.18.10\\625fc0055674dff70dbc76efa36d0f2c89b04a24\\lombok-1.18.10.jar;C:\\Users\\c\\.gradle\\caches\\modules-2\\files-2.1\\org.springframework.boot\\spring-boot-starter-data-jpa\\2.2.1.RELEASE\\dace86df26aaec8a948ffacd7d46d11c366af527\\spring-boot-starter-data-jpa-2.2.1.RELEASE.jar;C:\\Users\\c\\.gradle\\caches\\modules-2\\files-2.1\\com.h2database\\h2\\1.4.200\\f7533fe7cb8e99c87a43d325a77b4b678ad9031a\\h2-1.4.200.jar;C:\\Users\\c\\.gradle\\caches\\modules-2\\files-2.1\\org.springframework.boot\\spring-boot-starter-test\\2.2.1.RELEASE\\fae935b40f7a6b7eac7f5daef51e83c2ca978211\\spring-boot-starter-test-2.2.1.RELEASE.jar;C:\\Users\\c\\.gradle\\caches\\modules-2\\files-2.1\\org.springframework.boot\\spring-boot-starter-json\\2.2.1.RELEASE\\2d9f5ad8a76edcf3c610e0f825d9c01563a6900a\\spring-boot-starter-json-2.2.1.RELEASE.jar;C:\\Users\\c\\.gradle\\caches\\modules-2\\files-2.1\\org.springframework.boot\\spring-boot-starter-validation\\2.2.1.RELEASE\\ea5bd9055951afe28f64a96524bfd0bf0d362313\\spring-boot-starter-validation-2.2.1.RELEASE.jar;C:\\Users\\c\\.gradle\\caches\\modules-2\\files-2.1\\org.springframework.boot\\spring-boot-starter-aop\\2.2.1.RELEASE\\f5f9988e816634100840c7f570763ea7e5e907d9\\spring-boot-starter-aop-2.2.1.RELEASE.jar;C:\\Users\\c\\.gradle\\caches\\modules-2\\files-2.1\\org.springframework.boot\\spr
Launcher Type: SUN_STANDARD

[Global flags]
     intx CICompilerCount                          = 4                                         {product} {ergonomic}
     uint ConcGCThreads                            = 2                                         {product} {ergonomic}
     uint G1ConcRefinementThreads                  = 8                                         {product} {ergonomic}
   size_t G1HeapRegionSize                         = 1048576                                   {product} {ergonomic}
    uintx GCDrainStackTargetSize                   = 64                                        {product} {ergonomic}
   size_t InitialHeapSize                          = 132120576                                 {product} {ergonomic}
   size_t MarkStackSize                            = 4194304                                   {product} {ergonomic}
   size_t MaxHeapSize                              = 536870912                                 {product} {command line}
   size_t MaxNewSize                               = 321912832                                 {product} {ergonomic}
   size_t MinHeapDeltaBytes                        = 1048576                                   {product} {ergonomic}
    uintx NonNMethodCodeHeapSize                   = 5836300                                {pd product} {ergonomic}
    uintx NonProfiledCodeHeapSize                  = 122910970                              {pd product} {ergonomic}
    uintx ProfiledCodeHeapSize                     = 122910970                              {pd product} {ergonomic}
    uintx ReservedCodeCacheSize                    = 251658240                              {pd product} {ergonomic}
     bool SegmentedCodeCache                       = true                                      {product} {ergonomic}
     bool UseCompressedClassPointers               = true                                 {lp64_product} {ergonomic}
     bool UseCompressedOops                        = true                                 {lp64_product} {ergonomic}
     bool UseG1GC                                  = true                                      {product} {ergonomic}
     bool UseLargePagesIndividualAllocation        = false                                  {pd product} {ergonomic}

Logging:
Log output configuration:
 #0: stdout all=warning uptime,level,tags
 #1: stderr all=off uptime,level,tags

Environment Variables:
JAVA_HOME=C:\Program Files\Java\jdk-11.0.11
CLASSPATH=C:\Program Files\Java\jdk-11.0.11\lib;.
PATH=C:\Program Files\Common Files\Oracle\Java\javapath;C:\Program Files (x86)\Intel\Intel(R) Management Engine Components\iCLS\;C:\Program Files\Intel\Intel(R) Management Engine Components\iCLS\;C:\windows\system32;C:\windows;C:\windows\System32\Wbem;C:\windows\System32\WindowsPowerShell\v1.0\;C:\windows\System32\OpenSSH\;C:\Program Files (x86)\NVIDIA Corporation\PhysX\Common;C:\WINDOWS\system32;C:\WINDOWS;C:\WINDOWS\System32\Wbem;C:\WINDOWS\System32\WindowsPowerShell\v1.0\;C:\WINDOWS\System32\OpenSSH\;C:\Program Files\PuTTY\;C:\Program Files\Amazon\AWSCLIV2\;C:\Program Files\MySQL\MySQL Server 8.0\bin;C:\Program Files\Git\cmd;C:\Program Files\nodejs\;C:\Program Files\Java\jdk-11.0.11\bin\;C:\Users\c\AppData\Local\Microsoft\WindowsApps;C:\Users\c\AppData\Local\Programs\Microsoft VS Code\bin;C:\Users\c\AppData\Roaming\npm;C:\Users\c\AppData\Local\afreeca
USERNAME=c
OS=Windows_NT
PROCESSOR_IDENTIFIER=Intel64 Family 6 Model 142 Stepping 12, GenuineIntel



---------------  S Y S T E M  ---------------

OS: Windows 10 , 64 bit Build 19041 (10.0.19041.1151)

CPU:total 8 (initial active 8) (4 cores per cpu, 2 threads per core) family 6 model 142 stepping 12 microcode 0xc0, cmov, cx8, fxsr, mmx, sse, sse2, sse3, ssse3, sse4.1, sse4.2, popcnt, avx, avx2, aes, clmul, erms, 3dnowpref, lzcnt, ht, tsc, tscinvbit, bmi1, bmi2, adx, fma

Memory: 4k page, system-wide physical 8049M (710M free)
TotalPageFile size 9964M (AvailPageFile size 5M)
current process WorkingSet (physical memory assigned to process): 287M, peak: 287M
current process commit charge ("private bytes"): 351M, peak: 352M

vm_info: Java HotSpot(TM) 64-Bit Server VM (11.0.11+9-LTS-194) for windows-amd64 JRE (11.0.11+9-LTS-194), built on Mar 18 2021 18:46:53 by "mach5one" with MS VC++ 15.9 (VS2017)

END.
