#
# There is insufficient memory for the Java Runtime Environment to continue.
# Native memory allocation (malloc) failed to allocate 524288 bytes for AllocateHeap
# Possible reasons:
#   The system is out of physical RAM or swap space
#   The process is running with CompressedOops enabled, and the Java Heap may be blocking the growth of the native heap
# Possible solutions:
#   Reduce memory load on the system
#   Increase physical memory or swap space
#   Check if swap backing store is full
#   Decrease Java heap size (-Xmx/-Xms)
#   Decrease number of Java threads
#   Decrease Java thread stack sizes (-Xss)
#   Set larger code cache with -XX:ReservedCodeCacheSize=
#   JVM is running with Unscaled Compressed Oops mode in which the Java heap is
#     placed in the first 4GB address space. The Java Heap base address is the
#     maximum limit for the native heap growth. Please use -XX:HeapBaseMinAddress
#     to set the Java Heap base and to place the Java Heap above 4GB virtual address.
# This output file may be truncated or incomplete.
#
#  Out of Memory Error (./open/src/hotspot/share/memory/allocation.cpp:46), pid=16228, tid=10532
#
# JRE version:  (11.0.11+9) (build )
# Java VM: Java HotSpot(TM) 64-Bit Server VM (11.0.11+9-LTS-194, mixed mode, tiered, compressed oops, g1 gc, windows-amd64)
# No core dump will be written. Minidumps are not enabled by default on client versions of Windows
#

---------------  S U M M A R Y ------------

Command Line: -ea -Didea.test.cyclic.buffer.size=1048576 -javaagent:C:\Users\c\AppData\Local\JetBrains\Toolbox\apps\IDEA-C\ch-0\212.4746.92\lib\idea_rt.jar=59627:C:\Users\c\AppData\Local\JetBrains\Toolbox\apps\IDEA-C\ch-0\212.4746.92\bin -Dfile.encoding=UTF-8 com.intellij.rt.junit.JUnitStarter -ideVersion5 -junit4 com.josomang.book.springboot.web.IndexControllerTest,메인페이지_로딩

Host: Intel(R) Core(TM) i5-8265U CPU @ 1.60GHz, 8 cores, 7G,  Windows 10 , 64 bit Build 19041 (10.0.19041.1151)
Time: Wed Aug 25 22:46:37 2021 대한민국 표준시 elapsed time: 0.018377 seconds (0d 0h 0m 0s)

---------------  T H R E A D  ---------------

Current thread (0x000001aa44486000):  JavaThread "Unknown thread" [_thread_in_vm, id=10532, stack(0x00000014c9d00000,0x00000014c9e00000)]

Stack: [0x00000014c9d00000,0x00000014c9e00000]
Native frames: (J=compiled Java code, j=interpreted, Vv=VM code, C=native code)
V  [jvm.dll+0x616f2a]
V  [jvm.dll+0x74de7f]
V  [jvm.dll+0x74f505]
V  [jvm.dll+0x74fb83]
V  [jvm.dll+0x2436d8]
V  [jvm.dll+0xb13b4]
V  [jvm.dll+0x6a89f2]
V  [jvm.dll+0x6a8987]
V  [jvm.dll+0x6a8afa]
V  [jvm.dll+0x728e12]
V  [jvm.dll+0x72b4ee]
V  [jvm.dll+0x34bd39]
V  [jvm.dll+0x70f360]
V  [jvm.dll+0x3b50df]
V  [jvm.dll+0x3b71e1]
C  [jli.dll+0x520b]
C  [ucrtbase.dll+0x21bb2]
C  [KERNEL32.DLL+0x17034]
C  [ntdll.dll+0x52651]


---------------  P R O C E S S  ---------------

Threads class SMR info:
_java_thread_list=0x000001aa442e4790, length=0, elements={
}

Java Threads: ( => current thread )

Other Threads:
  0x000001aa4449a800 GCTaskThread "GC Thread#0" [stack: 0x00000014c9e00000,0x00000014c9f00000] [id=14036]
  0x000001aa444c6800 ConcurrentGCThread "G1 Main Marker" [stack: 0x00000014c9f00000,0x00000014ca000000] [id=6720]
  0x000001aa444c9000 ConcurrentGCThread "G1 Conc#0" [stack: 0x00000014ca000000,0x00000014ca100000] [id=13336]
  0x000001aa4454e800 ConcurrentGCThread "G1 Refine#0" [stack: 0x00000014ca100000,0x00000014ca200000] [id=728]
  0x000001aa64f69800 ConcurrentGCThread "G1 Young RemSet Sampling" [stack: 0x00000014ca200000,0x00000014ca300000] [id=11820]

=>0x000001aa44486000 (exited) JavaThread "Unknown thread" [_thread_in_vm, id=10532, stack(0x00000014c9d00000,0x00000014c9e00000)]

Threads with active compile tasks:

VM state:not at safepoint (not fully initialized)

VM Mutex/Monitor currently owned by a thread: None

Heap address: 0x0000000082200000, size: 2014 MB, Compressed Oops mode: 32-bit
Narrow klass base: 0x0000000000000000, Narrow klass shift: 3
Compressed class space size: 1073741824 Address: 0x0000000100000000

GC Heap History (0 events):
No events

Deoptimization events (0 events):
No events

Classes redefined (0 events):
No events

Internal exceptions (0 events):
No events

Events (0 events):
No events


Dynamic libraries:
0x00007ff647580000 - 0x00007ff64758f000 	C:\Program Files\Java\jdk-11.0.11\bin\java.exe
0x00007fff928f0000 - 0x00007fff92ae5000 	C:\WINDOWS\SYSTEM32\ntdll.dll
0x00007fff92460000 - 0x00007fff9251d000 	C:\WINDOWS\System32\KERNEL32.DLL
0x00007fff902c0000 - 0x00007fff90589000 	C:\WINDOWS\System32\KERNELBASE.dll
0x00007fff907a0000 - 0x00007fff908a0000 	C:\WINDOWS\System32\ucrtbase.dll
0x00007fff842e0000 - 0x00007fff842f5000 	C:\Program Files\Java\jdk-11.0.11\bin\VCRUNTIME140.dll
0x00007fff84630000 - 0x00007fff84648000 	C:\Program Files\Java\jdk-11.0.11\bin\jli.dll
0x00007fff90a70000 - 0x00007fff90b1c000 	C:\WINDOWS\System32\ADVAPI32.dll
0x00007fff91fe0000 - 0x00007fff9207e000 	C:\WINDOWS\System32\msvcrt.dll
0x00007fff917b0000 - 0x00007fff9184b000 	C:\WINDOWS\System32\sechost.dll
0x00007fff91850000 - 0x00007fff9197a000 	C:\WINDOWS\System32\RPCRT4.dll
0x00007fff92290000 - 0x00007fff92430000 	C:\WINDOWS\System32\USER32.dll
0x00007fff90920000 - 0x00007fff90942000 	C:\WINDOWS\System32\win32u.dll
0x00007fff7cb70000 - 0x00007fff7ce0a000 	C:\WINDOWS\WinSxS\amd64_microsoft.windows.common-controls_6595b64144ccf1df_6.0.19041.1110_none_60b5254171f9507e\COMCTL32.dll
0x00007fff92430000 - 0x00007fff9245a000 	C:\WINDOWS\System32\GDI32.dll
0x00007fff90020000 - 0x00007fff9012b000 	C:\WINDOWS\System32\gdi32full.dll
0x00007fff901c0000 - 0x00007fff9025d000 	C:\WINDOWS\System32\msvcp_win.dll
0x00007fff82250000 - 0x00007fff8225a000 	C:\WINDOWS\SYSTEM32\VERSION.dll
0x00007fff91980000 - 0x00007fff919b0000 	C:\WINDOWS\System32\IMM32.DLL
0x00007fff70dc0000 - 0x00007fff70e5b000 	C:\Program Files\Java\jdk-11.0.11\bin\msvcp140.dll
0x00007fff42f40000 - 0x00007fff43a3e000 	C:\Program Files\Java\jdk-11.0.11\bin\server\jvm.dll
0x00007fff917a0000 - 0x00007fff917a8000 	C:\WINDOWS\System32\PSAPI.DLL
0x00007fff78e40000 - 0x00007fff78e67000 	C:\WINDOWS\SYSTEM32\WINMM.dll
0x00007fff812d0000 - 0x00007fff812d9000 	C:\WINDOWS\SYSTEM32\WSOCK32.dll
0x00007fff92220000 - 0x00007fff9228b000 	C:\WINDOWS\System32\WS2_32.dll
0x00007fff8e8b0000 - 0x00007fff8e8c2000 	C:\WINDOWS\SYSTEM32\kernel.appcore.dll
0x00007fff84660000 - 0x00007fff84670000 	C:\Program Files\Java\jdk-11.0.11\bin\verify.dll
0x00007fff8e5d0000 - 0x00007fff8e7b4000 	C:\WINDOWS\SYSTEM32\DBGHELP.DLL
0x00007fff7aa10000 - 0x00007fff7aa3c000 	C:\WINDOWS\SYSTEM32\dbgcore.DLL
0x00007fff90130000 - 0x00007fff901b3000 	C:\WINDOWS\System32\bcryptPrimitives.dll
0x00007fff81e50000 - 0x00007fff81e78000 	C:\Program Files\Java\jdk-11.0.11\bin\java.dll
0x00007fff84580000 - 0x00007fff8458a000 	C:\Program Files\Java\jdk-11.0.11\bin\jimage.dll
0x00007fff86c50000 - 0x00007fff86c5e000 	C:\Program Files\Java\jdk-11.0.11\bin\instrument.dll
0x00007fff81e30000 - 0x00007fff81e46000 	C:\Program Files\Java\jdk-11.0.11\bin\zip.dll

dbghelp: loaded successfully - version: 4.0.5 - missing functions: none
symbol engine: initialized successfully - sym options: 0x614 - pdb path: .;C:\Program Files\Java\jdk-11.0.11\bin;C:\WINDOWS\SYSTEM32;C:\WINDOWS\WinSxS\amd64_microsoft.windows.common-controls_6595b64144ccf1df_6.0.19041.1110_none_60b5254171f9507e;C:\Program Files\Java\jdk-11.0.11\bin\server

VM Arguments:
jvm_args: -ea -Didea.test.cyclic.buffer.size=1048576 -javaagent:C:\Users\c\AppData\Local\JetBrains\Toolbox\apps\IDEA-C\ch-0\212.4746.92\lib\idea_rt.jar=59627:C:\Users\c\AppData\Local\JetBrains\Toolbox\apps\IDEA-C\ch-0\212.4746.92\bin -Dfile.encoding=UTF-8 
java_command: com.intellij.rt.junit.JUnitStarter -ideVersion5 -junit4 com.josomang.book.springboot.web.IndexControllerTest,메인페이지_로딩
java_class_path (initial): C:\Users\c\AppData\Local\JetBrains\Toolbox\apps\IDEA-C\ch-0\212.4746.92\lib\idea_rt.jar;C:\Users\c\AppData\Local\JetBrains\Toolbox\apps\IDEA-C\ch-0\212.4746.92\plugins\junit\lib\junit5-rt.jar;C:\Users\c\AppData\Local\JetBrains\Toolbox\apps\IDEA-C\ch-0\212.4746.92\plugins\junit\lib\junit-rt.jar;C:\Users\c\IdeaProjects\com.josomang.book\out\test\classes;C:\Users\c\IdeaProjects\com.josomang.book\out\production\classes;C:\Users\c\IdeaProjects\com.josomang.book\out\production\resources;C:\Users\c\.gradle\caches\modules-2\files-2.1\org.springframework.boot\spring-boot-starter-web\2.2.1.RELEASE\689213aca6e25e2aa9b377e61273aa3d31f30f60\spring-boot-starter-web-2.2.1.RELEASE.jar;C:\Users\c\.gradle\caches\modules-2\files-2.1\org.projectlombok\lombok\1.18.10\625fc0055674dff70dbc76efa36d0f2c89b04a24\lombok-1.18.10.jar;C:\Users\c\.gradle\caches\modules-2\files-2.1\org.springframework.boot\spring-boot-starter-data-jpa\2.2.1.RELEASE\dace86df26aaec8a948ffacd7d46d11c366af527\spring-boot-starter-data-jpa-2.2.1.RELEASE.jar;C:\Users\c\.gradle\caches\modules-2\files-2.1\com.h2database\h2\1.4.200\f7533fe7cb8e99c87a43d325a77b4b678ad9031a\h2-1.4.200.jar;C:\Users\c\.gradle\caches\modules-2\files-2.1\org.springframework.boot\spring-boot-starter-test\2.2.1.RELEASE\fae935b40f7a6b7eac7f5daef51e83c2ca978211\spring-boot-starter-test-2.2.1.RELEASE.jar;C:\Users\c\.gradle\caches\modules-2\files-2.1\org.springframework.boot\spring-boot-starter-json\2.2.1.RELEASE\2d9f5ad8a76edcf3c610e0f825d9c01563a6900a\spring-boot-starter-json-2.2.1.RELEASE.jar;C:\Users\c\.gradle\caches\modules-2\files-2.1\org.springframework.boot\spring-boot-starter-validation\2.2.1.RELEASE\ea5bd9055951afe28f64a96524bfd0bf0d362313\spring-boot-starter-validation-2.2.1.RELEASE.jar;C:\Users\c\.gradle\caches\modules-2\files-2.1\org.springframework.boot\spring-boot-starter\2.2.1.RELEASE\5a4d687e6ffec805ce6320af7ca0b18798638200\spring-boot-starter-2.2.1.RELEASE.jar;C:\Users\c\.gradle\caches\modules-2\files-2.1\
Launcher Type: SUN_STANDARD

[Global flags]
     intx CICompilerCount                          = 4                                         {product} {ergonomic}
     uint ConcGCThreads                            = 2                                         {product} {ergonomic}
     uint G1ConcRefinementThreads                  = 8                                         {product} {ergonomic}
   size_t G1HeapRegionSize                         = 1048576                                   {product} {ergonomic}
    uintx GCDrainStackTargetSize                   = 64                                        {product} {ergonomic}
   size_t InitialHeapSize                          = 132120576                                 {product} {ergonomic}
   size_t MarkStackSize                            = 4194304                                   {product} {ergonomic}
   size_t MaxHeapSize                              = 2111832064                                {product} {ergonomic}
   size_t MaxNewSize                               = 1266679808                                {product} {ergonomic}
   size_t MinHeapDeltaBytes                        = 1048576                                   {product} {ergonomic}
    uintx NonNMethodCodeHeapSize                   = 5836300                                {pd product} {ergonomic}
    uintx NonProfiledCodeHeapSize                  = 122910970                              {pd product} {ergonomic}
    uintx ProfiledCodeHeapSize                     = 122910970                              {pd product} {ergonomic}
    uintx ReservedCodeCacheSize                    = 251658240                              {pd product} {ergonomic}
     bool SegmentedCodeCache                       = true                                      {product} {ergonomic}
     bool UseCompressedClassPointers               = true                                 {lp64_product} {ergonomic}
     bool UseCompressedOops                        = true                                 {lp64_product} {ergonomic}
     bool UseG1GC                                  = true                                      {product} {ergonomic}
     bool UseLargePagesIndividualAllocation        = false                                  {pd product} {ergonomic}

Logging:
Log output configuration:
 #0: stdout all=warning uptime,level,tags
 #1: stderr all=off uptime,level,tags

Environment Variables:
JAVA_HOME=C:\Program Files\Java\jdk-11.0.11
CLASSPATH=C:\Program Files\Java\jdk-11.0.11\lib;.
PATH=C:\Program Files\Common Files\Oracle\Java\javapath;C:\Program Files (x86)\Intel\Intel(R) Management Engine Components\iCLS\;C:\Program Files\Intel\Intel(R) Management Engine Components\iCLS\;C:\windows\system32;C:\windows;C:\windows\System32\Wbem;C:\windows\System32\WindowsPowerShell\v1.0\;C:\windows\System32\OpenSSH\;C:\Program Files (x86)\NVIDIA Corporation\PhysX\Common;C:\WINDOWS\system32;C:\WINDOWS;C:\WINDOWS\System32\Wbem;C:\WINDOWS\System32\WindowsPowerShell\v1.0\;C:\WINDOWS\System32\OpenSSH\;C:\Program Files\PuTTY\;C:\Program Files\Amazon\AWSCLIV2\;C:\Program Files\MySQL\MySQL Server 8.0\bin;C:\Program Files\Git\cmd;C:\Program Files\nodejs\;C:\Program Files\Java\jdk-11.0.11\bin\;C:\Users\c\AppData\Local\Microsoft\WindowsApps;C:\Users\c\AppData\Local\Programs\Microsoft VS Code\bin;C:\Users\c\AppData\Roaming\npm;C:\Users\c\AppData\Local\afreeca
USERNAME=c
OS=Windows_NT
PROCESSOR_IDENTIFIER=Intel64 Family 6 Model 142 Stepping 12, GenuineIntel



---------------  S Y S T E M  ---------------

OS: Windows 10 , 64 bit Build 19041 (10.0.19041.1151)

CPU:total 8 (initial active 8) (4 cores per cpu, 2 threads per core) family 6 model 142 stepping 12 microcode 0xc0, cmov, cx8, fxsr, mmx, sse, sse2, sse3, ssse3, sse4.1, sse4.2, popcnt, avx, avx2, aes, clmul, erms, 3dnowpref, lzcnt, ht, tsc, tscinvbit, bmi1, bmi2, adx, fma

Memory: 4k page, system-wide physical 8049M (988M free)
TotalPageFile size 9964M (AvailPageFile size 5M)
current process WorkingSet (physical memory assigned to process): 15M, peak: 15M
current process commit charge ("private bytes"): 192M, peak: 193M

vm_info: Java HotSpot(TM) 64-Bit Server VM (11.0.11+9-LTS-194) for windows-amd64 JRE (11.0.11+9-LTS-194), built on Mar 18 2021 18:46:53 by "mach5one" with MS VC++ 15.9 (VS2017)

END.
