#
# There is insufficient memory for the Java Runtime Environment to continue.
# Native memory allocation (mmap) failed to map 65536 bytes for Failed to commit area from 0x0000017f7eb90000 to 0x0000017f7eba0000 of length 65536.
# Possible reasons:
#   The system is out of physical RAM or swap space
#   The process is running with CompressedOops enabled, and the Java Heap may be blocking the growth of the native heap
# Possible solutions:
#   Reduce memory load on the system
#   Increase physical memory or swap space
#   Check if swap backing store is full
#   Decrease Java heap size (-Xmx/-Xms)
#   Decrease number of Java threads
#   Decrease Java thread stack sizes (-Xss)
#   Set larger code cache with -XX:ReservedCodeCacheSize=
# This output file may be truncated or incomplete.
#
#  Out of Memory Error (./open/src/hotspot/os/windows/os_windows.cpp:3273), pid=1736, tid=2880
#
# JRE version:  (11.0.11+9) (build )
# Java VM: Java HotSpot(TM) 64-Bit Server VM (11.0.11+9-LTS-194, mixed mode, sharing, tiered, compressed oops, g1 gc, windows-amd64)
# No core dump will be written. Minidumps are not enabled by default on client versions of Windows
#

---------------  S U M M A R Y ------------

Command Line: -Dorg.gradle.internal.worker.tmpdir=C:\Users\c\IdeaProjects\com.josomang.book\build\tmp\test\work -Dorg.gradle.native=false --add-opens=java.base/java.util=ALL-UNNAMED --add-opens=java.base/java.lang=ALL-UNNAMED -Xmx512m -Dfile.encoding=x-windows-949 -Duser.country=KR -Duser.language=ko -Duser.variant -ea worker.org.gradle.process.internal.worker.GradleWorkerMain 'Gradle Test Executor 8'

Host: Intel(R) Core(TM) i5-8265U CPU @ 1.60GHz, 8 cores, 7G,  Windows 10 , 64 bit Build 19041 (10.0.19041.1023)
Time: Tue Aug 10 21:02:26 2021 대한민국 표준시 elapsed time: 0.020258 seconds (0d 0h 0m 0s)

---------------  T H R E A D  ---------------

Current thread (0x0000017f756de800):  JavaThread "Unknown thread" [_thread_in_vm, id=2880, stack(0x0000007f5d000000,0x0000007f5d100000)]

Stack: [0x0000007f5d000000,0x0000007f5d100000]
Native frames: (J=compiled Java code, j=interpreted, Vv=VM code, C=native code)
V  [jvm.dll+0x616f2a]
V  [jvm.dll+0x74de7f]
V  [jvm.dll+0x74f505]
V  [jvm.dll+0x74fb83]
V  [jvm.dll+0x2436d8]
V  [jvm.dll+0x61431a]
V  [jvm.dll+0x6090f5]
V  [jvm.dll+0x2f7eec]
V  [jvm.dll+0x2f7d72]
V  [jvm.dll+0x2fcb40]
V  [jvm.dll+0x33f015]
V  [jvm.dll+0x33ea20]
V  [jvm.dll+0x2d5608]
V  [jvm.dll+0x2d6766]
V  [jvm.dll+0x7299e7]
V  [jvm.dll+0x72b28f]
V  [jvm.dll+0x34bd39]
V  [jvm.dll+0x70f360]
V  [jvm.dll+0x3b50df]
V  [jvm.dll+0x3b71e1]
C  [jli.dll+0x520b]
C  [ucrtbase.dll+0x21bb2]
C  [KERNEL32.DLL+0x17034]
C  [ntdll.dll+0x52651]


---------------  P R O C E S S  ---------------

Threads class SMR info:
_java_thread_list=0x0000017f73499200, length=0, elements={
}

Java Threads: ( => current thread )

Other Threads:
  0x0000017f756f4800 GCTaskThread "GC Thread#0" [stack: 0x0000007f5d100000,0x0000007f5d200000] [id=1076]
  0x0000017f75707800 ConcurrentGCThread "G1 Main Marker" [stack: 0x0000007f5d200000,0x0000007f5d300000] [id=6660]
  0x0000017f75709000 ConcurrentGCThread "G1 Conc#0" [stack: 0x0000007f5d300000,0x0000007f5d400000] [id=4676]

[error occurred during error reporting (printing all threads), id 0xc0000005, EXCEPTION_ACCESS_VIOLATION (0xc0000005) at pc=0x00007ffa9be44857]

VM state:not at safepoint (not fully initialized)

VM Mutex/Monitor currently owned by a thread:  ([mutex/lock_event])
[0x0000017f756da1c0] Heap_lock - owner thread: 0x0000017f756de800

Heap address: 0x00000000e0000000, size: 512 MB, Compressed Oops mode: Non-zero based: 0x00000000e0000000
Narrow klass base: 0x0000000000000000, Narrow klass shift: 0

GC Heap History (0 events):
No events

Deoptimization events (0 events):
No events

Classes redefined (0 events):
No events

Internal exceptions (0 events):
No events

Events (0 events):
No events


Dynamic libraries:
0x00007ff67e430000 - 0x00007ff67e43f000 	C:\Program Files\Java\jdk-11.0.11\bin\java.exe
0x00007ffade6f0000 - 0x00007ffade8e5000 	C:\WINDOWS\SYSTEM32\ntdll.dll
0x00007ffadcc90000 - 0x00007ffadcd4d000 	C:\WINDOWS\System32\KERNEL32.DLL
0x00007ffadbed0000 - 0x00007ffadc199000 	C:\WINDOWS\System32\KERNELBASE.dll
0x00007ffadc470000 - 0x00007ffadc570000 	C:\WINDOWS\System32\ucrtbase.dll
0x00007ffac8b20000 - 0x00007ffac8b35000 	C:\Program Files\Java\jdk-11.0.11\bin\VCRUNTIME140.dll
0x00007ffac8b00000 - 0x00007ffac8b18000 	C:\Program Files\Java\jdk-11.0.11\bin\jli.dll
0x00007ffade0f0000 - 0x00007ffade19c000 	C:\WINDOWS\System32\ADVAPI32.dll
0x00007ffade1a0000 - 0x00007ffade23e000 	C:\WINDOWS\System32\msvcrt.dll
0x00007ffadcb40000 - 0x00007ffadcbdb000 	C:\WINDOWS\System32\sechost.dll
0x00007ffadc7c0000 - 0x00007ffadc8ea000 	C:\WINDOWS\System32\RPCRT4.dll
0x00007ffadc9a0000 - 0x00007ffadcb40000 	C:\WINDOWS\System32\USER32.dll
0x00007ffadc3f0000 - 0x00007ffadc412000 	C:\WINDOWS\System32\win32u.dll
0x00007ffadcc60000 - 0x00007ffadcc8a000 	C:\WINDOWS\System32\GDI32.dll
0x00007ffac8d20000 - 0x00007ffac8fba000 	C:\WINDOWS\WinSxS\amd64_microsoft.windows.common-controls_6595b64144ccf1df_6.0.19041.1110_none_60b5254171f9507e\COMCTL32.dll
0x00007ffadc570000 - 0x00007ffadc67b000 	C:\WINDOWS\System32\gdi32full.dll
0x00007ffadbe30000 - 0x00007ffadbecd000 	C:\WINDOWS\System32\msvcp_win.dll
0x00007ffad01e0000 - 0x00007ffad01ea000 	C:\WINDOWS\SYSTEM32\VERSION.dll
0x00007ffadddd0000 - 0x00007ffadde00000 	C:\WINDOWS\System32\IMM32.DLL
0x00007ffabedf0000 - 0x00007ffabee8b000 	C:\Program Files\Java\jdk-11.0.11\bin\msvcp140.dll
0x00007ffa9bb60000 - 0x00007ffa9c65e000 	C:\Program Files\Java\jdk-11.0.11\bin\server\jvm.dll
0x00007ffadde00000 - 0x00007ffadde08000 	C:\WINDOWS\System32\PSAPI.DLL
0x00007ffac3090000 - 0x00007ffac3099000 	C:\WINDOWS\SYSTEM32\WSOCK32.dll
0x00007ffadcff0000 - 0x00007ffadd05b000 	C:\WINDOWS\System32\WS2_32.dll
0x00007ffac69f0000 - 0x00007ffac6a17000 	C:\WINDOWS\SYSTEM32\WINMM.dll
0x00007ffada6f0000 - 0x00007ffada702000 	C:\WINDOWS\SYSTEM32\kernel.appcore.dll
0x00007ffad4620000 - 0x00007ffad4630000 	C:\Program Files\Java\jdk-11.0.11\bin\verify.dll
0x00007ffad9c60000 - 0x00007ffad9e44000 	C:\WINDOWS\SYSTEM32\DBGHELP.DLL
0x00007ffac8c20000 - 0x00007ffac8c4c000 	C:\WINDOWS\SYSTEM32\dbgcore.DLL
0x00007ffadc200000 - 0x00007ffadc283000 	C:\WINDOWS\System32\bcryptPrimitives.dll
0x00007ffac8950000 - 0x00007ffac8978000 	C:\Program Files\Java\jdk-11.0.11\bin\java.dll
0x00007ffad1e70000 - 0x00007ffad1e7a000 	C:\Program Files\Java\jdk-11.0.11\bin\jimage.dll
0x00007ffac8760000 - 0x00007ffac8776000 	C:\Program Files\Java\jdk-11.0.11\bin\zip.dll

dbghelp: loaded successfully - version: 4.0.5 - missing functions: none
symbol engine: initialized successfully - sym options: 0x614 - pdb path: .;C:\Program Files\Java\jdk-11.0.11\bin;C:\WINDOWS\SYSTEM32;C:\WINDOWS\WinSxS\amd64_microsoft.windows.common-controls_6595b64144ccf1df_6.0.19041.1110_none_60b5254171f9507e;C:\Program Files\Java\jdk-11.0.11\bin\server

VM Arguments:
jvm_args: -Dorg.gradle.internal.worker.tmpdir=C:\Users\c\IdeaProjects\com.josomang.book\build\tmp\test\work -Dorg.gradle.native=false --add-opens=java.base/java.util=ALL-UNNAMED --add-opens=java.base/java.lang=ALL-UNNAMED -Xmx512m -Dfile.encoding=x-windows-949 -Duser.country=KR -Duser.language=ko -Duser.variant -ea 
java_command: worker.org.gradle.process.internal.worker.GradleWorkerMain 'Gradle Test Executor 8'
java_class_path (initial): C:\\Users\\c\\.gradle\\caches\\7.1\\workerMain\\gradle-worker.jar;C:\\Users\\c\\IdeaProjects\\com.josomang.book\\build\\classes\\java\\test;C:\\Users\\c\\IdeaProjects\\com.josomang.book\\build\\resources\\test;C:\\Users\\c\\IdeaProjects\\com.josomang.book\\build\\classes\\java\\main;C:\\Users\\c\\IdeaProjects\\com.josomang.book\\build\\resources\\main;C:\\Users\\c\\.gradle\\caches\\modules-2\\files-2.1\\org.springframework.boot\\spring-boot-starter-web\\2.2.1.RELEASE\\689213aca6e25e2aa9b377e61273aa3d31f30f60\\spring-boot-starter-web-2.2.1.RELEASE.jar;C:\\Users\\c\\.gradle\\caches\\modules-2\\files-2.1\\org.springframework.boot\\spring-boot-starter-test\\2.2.1.RELEASE\\fae935b40f7a6b7eac7f5daef51e83c2ca978211\\spring-boot-starter-test-2.2.1.RELEASE.jar;C:\\Users\\c\\.gradle\\caches\\modules-2\\files-2.1\\org.springframework.boot\\spring-boot-starter-json\\2.2.1.RELEASE\\2d9f5ad8a76edcf3c610e0f825d9c01563a6900a\\spring-boot-starter-json-2.2.1.RELEASE.jar;C:\\Users\\c\\.gradle\\caches\\modules-2\\files-2.1\\org.springframework.boot\\spring-boot-starter-validation\\2.2.1.RELEASE\\ea5bd9055951afe28f64a96524bfd0bf0d362313\\spring-boot-starter-validation-2.2.1.RELEASE.jar;C:\\Users\\c\\.gradle\\caches\\modules-2\\files-2.1\\org.springframework.boot\\spring-boot-starter\\2.2.1.RELEASE\\5a4d687e6ffec805ce6320af7ca0b18798638200\\spring-boot-starter-2.2.1.RELEASE.jar;C:\\Users\\c\\.gradle\\caches\\modules-2\\files-2.1\\org.springframework.boot\\spring-boot-starter-tomcat\\2.2.1.RELEASE\\da314ec9026c230906ea9d1a1330f99bbe2d0fa8\\spring-boot-starter-tomcat-2.2.1.RELEASE.jar;C:\\Users\\c\\.gradle\\caches\\modules-2\\files-2.1\\org.springframework\\spring-webmvc\\5.2.1.RELEASE\\9c118e3a551fe4bf31eb9e395b5f8ef42cf14f42\\spring-webmvc-5.2.1.RELEASE.jar;C:\\Users\\c\\.gradle\\caches\\modules-2\\files-2.1\\org.springframework\\spring-web\\5.2.1.RELEASE\\4f1dfe592951c312b52de469f1940b1cb0455226\\spring-web-5.2.1.RELEASE.jar;C:\\Users\\c\\.gradle\\caches\\mo
Launcher Type: SUN_STANDARD

[Global flags]
     intx CICompilerCount                          = 4                                         {product} {ergonomic}
     uint ConcGCThreads                            = 2                                         {product} {ergonomic}
     uint G1ConcRefinementThreads                  = 8                                         {product} {ergonomic}
   size_t G1HeapRegionSize                         = 1048576                                   {product} {ergonomic}
    uintx GCDrainStackTargetSize                   = 64                                        {product} {ergonomic}
   size_t InitialHeapSize                          = 132120576                                 {product} {ergonomic}
   size_t MarkStackSize                            = 4194304                                   {product} {ergonomic}
   size_t MaxHeapSize                              = 536870912                                 {product} {command line}
   size_t MinHeapDeltaBytes                        = 1048576                                   {product} {ergonomic}
    uintx NonNMethodCodeHeapSize                   = 5836300                                {pd product} {ergonomic}
    uintx NonProfiledCodeHeapSize                  = 122910970                              {pd product} {ergonomic}
    uintx ProfiledCodeHeapSize                     = 122910970                              {pd product} {ergonomic}
    uintx ReservedCodeCacheSize                    = 251658240                              {pd product} {ergonomic}
     bool SegmentedCodeCache                       = true                                      {product} {ergonomic}
     bool UseCompressedClassPointers               = true                                 {lp64_product} {ergonomic}
     bool UseCompressedOops                        = true                                 {lp64_product} {ergonomic}
     bool UseG1GC                                  = true                                      {product} {ergonomic}
     bool UseLargePagesIndividualAllocation        = false                                  {pd product} {ergonomic}

Logging:
Log output configuration:
 #0: stdout all=warning uptime,level,tags
 #1: stderr all=off uptime,level,tags

Environment Variables:
JAVA_HOME=C:\Program Files\Java\jdk-11.0.11
CLASSPATH=C:\Program Files\Java\jdk-11.0.11\lib;.
PATH=C:\Program Files\Common Files\Oracle\Java\javapath;C:\Program Files (x86)\Intel\Intel(R) Management Engine Components\iCLS\;C:\Program Files\Intel\Intel(R) Management Engine Components\iCLS\;C:\windows\system32;C:\windows;C:\windows\System32\Wbem;C:\windows\System32\WindowsPowerShell\v1.0\;C:\windows\System32\OpenSSH\;C:\Program Files (x86)\NVIDIA Corporation\PhysX\Common;C:\WINDOWS\system32;C:\WINDOWS;C:\WINDOWS\System32\Wbem;C:\WINDOWS\System32\WindowsPowerShell\v1.0\;C:\WINDOWS\System32\OpenSSH\;C:\Program Files\PuTTY\;C:\Program Files\Amazon\AWSCLIV2\;C:\Program Files\MySQL\MySQL Server 8.0\bin;C:\Program Files\Git\cmd;C:\Program Files\nodejs\;C:\Program Files\Java\jdk-11.0.11\bin\;C:\Users\c\AppData\Local\Microsoft\WindowsApps;C:\Users\c\AppData\Local\Programs\Microsoft VS Code\bin;C:\Users\c\AppData\Roaming\npm;C:\Users\c\AppData\Local\afreeca
USERNAME=c
OS=Windows_NT
PROCESSOR_IDENTIFIER=Intel64 Family 6 Model 142 Stepping 12, GenuineIntel



---------------  S Y S T E M  ---------------

OS: Windows 10 , 64 bit Build 19041 (10.0.19041.1023)

CPU:total 8 (initial active 8) (4 cores per cpu, 2 threads per core) family 6 model 142 stepping 12 microcode 0xc0, cmov, cx8, fxsr, mmx, sse, sse2, sse3, ssse3, sse4.1, sse4.2, popcnt, avx, avx2, aes, clmul, erms, 3dnowpref, lzcnt, ht, tsc, tscinvbit, bmi1, bmi2, adx, fma

Memory: 4k page, system-wide physical 8049M (913M free)
TotalPageFile size 9964M (AvailPageFile size 5M)
current process WorkingSet (physical memory assigned to process): 11M, peak: 11M
current process commit charge ("private bytes"): 189M, peak: 189M

vm_info: Java HotSpot(TM) 64-Bit Server VM (11.0.11+9-LTS-194) for windows-amd64 JRE (11.0.11+9-LTS-194), built on Mar 18 2021 18:46:53 by "mach5one" with MS VC++ 15.9 (VS2017)

END.
